<?xml version="1.0" encoding="UTF-8"?>
<testng-results ignored="9" total="10" passed="1" failed="0" skipped="0">
  <reporter-output>
  </reporter-output>
  <suite started-at="2022-06-12T23:55:15 CEST" name="Suite1" finished-at="2022-06-12T23:55:21 CEST" duration-ms="6026">
    <groups>
      <group name="SmokeTests">
        <method signature="LogInPageTests.goToLogInPageTest()[pri:0, instance:BasicTests.LogInPageTests@8f2ef19]" name="goToLogInPageTest" class="BasicTests.LogInPageTests"/>
      </group> <!-- SmokeTests -->
    </groups>
    <test started-at="2022-06-12T23:55:15 CEST" name="Regression1" finished-at="2022-06-12T23:55:21 CEST" duration-ms="6026">
      <class name="BasicTests.LogInPageTests">
        <test-method is-config="true" signature="setUp(java.lang.String)[pri:0, instance:BasicTests.LogInPageTests@8f2ef19]" started-at="2022-06-12T23:55:15 CEST" name="setUp" finished-at="2022-06-12T23:55:19 CEST" duration-ms="3902" status="PASS">
          <params>
            <param index="0">
              <value>
                <![CDATA[firefox]]>
              </value>
            </param>
          </params>
          <reporter-output>
          </reporter-output>
        </test-method> <!-- setUp -->
        <test-method signature="goToLogInPageTest()[pri:0, instance:BasicTests.LogInPageTests@8f2ef19]" started-at="2022-06-12T23:55:19 CEST" name="goToLogInPageTest" finished-at="2022-06-12T23:55:20 CEST" duration-ms="1448" status="PASS">
          <reporter-output>
          </reporter-output>
        </test-method> <!-- goToLogInPageTest -->
        <test-method is-config="true" signature="tearDown()[pri:0, instance:BasicTests.LogInPageTests@8f2ef19]" started-at="2022-06-12T23:55:20 CEST" name="tearDown" finished-at="2022-06-12T23:55:21 CEST" duration-ms="579" status="PASS">
          <reporter-output>
          </reporter-output>
        </test-method> <!-- tearDown -->
      </class> <!-- BasicTests.LogInPageTests -->
    </test> <!-- Regression1 -->
  </suite> <!-- Suite1 -->
</testng-results>
