<?xml version="1.0" encoding="UTF-8"?>
<testsuite xmlns:xsi="http://www.w3.org/2001/XMLSchema-instance" xsi:noNamespaceSchemaLocation="https://maven.apache.org/surefire/maven-surefire-plugin/xsd/surefire-test-report-3.0.xsd" version="3.0" name="TestSuite" time="6.593" tests="1" errors="0" skipped="0" failures="0">
  <properties>
[...]
</properties>
  <testcase name="goToLogInPageTest" classname="BasicTests.LogInPageTests" time="1.451">
    <system-out><![CDATA[23:55:14.825 [main] DEBUG org.testng.TestNG - suiteXmlPath: "/Users/marian/IdeaProjects/MavenTestProject/testng.xml"
23:55:15.143 [main] DEBUG org.testng.internal.Graph - [Graph] ADDING NODE BasePageTests.setUp(java.lang.String)[pri:0, instance:null] 245911194
23:55:15.144 [main] DEBUG org.testng.internal.Graph - [Graph] ================ SORTING
23:55:15.146 [main] DEBUG org.testng.internal.Graph - [Graph] =============== DONE SORTING
23:55:15.146 [main] DEBUG org.testng.internal.Graph - [Graph] ====== SORTED NODES
23:55:15.146 [main] DEBUG org.testng.internal.Graph - [Graph] ====== END SORTED NODES
23:55:15.146 [main] DEBUG org.testng.internal.Graph - [Graph] ADDING NODE BasePageTests.tearDown()[pri:0, instance:null] -1796824351
23:55:15.146 [main] DEBUG org.testng.internal.Graph - [Graph] ================ SORTING
23:55:15.147 [main] DEBUG org.testng.internal.Graph - [Graph] =============== DONE SORTING
23:55:15.147 [main] DEBUG org.testng.internal.Graph - [Graph] ====== SORTED NODES
23:55:15.147 [main] DEBUG org.testng.internal.Graph - [Graph] ====== END SORTED NODES
23:55:15.154 [main] DEBUG org.testng.internal.Graph - [Graph] ADDING NODE BasePageTests.setUp(java.lang.String)[pri:0, instance:null] 245911194
23:55:15.154 [main] DEBUG org.testng.internal.Graph - [Graph] ================ SORTING
23:55:15.155 [main] DEBUG org.testng.internal.Graph - [Graph] =============== DONE SORTING
23:55:15.155 [main] DEBUG org.testng.internal.Graph - [Graph] ====== SORTED NODES
23:55:15.155 [main] DEBUG org.testng.internal.Graph - [Graph] ====== END SORTED NODES
23:55:15.155 [main] DEBUG org.testng.internal.Graph - [Graph] ADDING NODE BasePageTests.tearDown()[pri:0, instance:null] -1796824351
23:55:15.155 [main] DEBUG org.testng.internal.Graph - [Graph] ================ SORTING
23:55:15.155 [main] DEBUG org.testng.internal.Graph - [Graph] =============== DONE SORTING
23:55:15.155 [main] DEBUG org.testng.internal.Graph - [Graph] ====== SORTED NODES
23:55:15.155 [main] DEBUG org.testng.internal.Graph - [Graph] ====== END SORTED NODES
23:55:15.158 [main] DEBUG org.testng.internal.Graph - [Graph] ADDING NODE BasePageTests.setUp(java.lang.String)[pri:0, instance:null] 245911194
23:55:15.158 [main] DEBUG org.testng.internal.Graph - [Graph] ================ SORTING
23:55:15.158 [main] DEBUG org.testng.internal.Graph - [Graph] =============== DONE SORTING
23:55:15.158 [main] DEBUG org.testng.internal.Graph - [Graph] ====== SORTED NODES
23:55:15.158 [main] DEBUG org.testng.internal.Graph - [Graph] ====== END SORTED NODES
23:55:15.158 [main] DEBUG org.testng.internal.Graph - [Graph] ADDING NODE BasePageTests.tearDown()[pri:0, instance:null] -1796824351
23:55:15.158 [main] DEBUG org.testng.internal.Graph - [Graph] ================ SORTING
23:55:15.159 [main] DEBUG org.testng.internal.Graph - [Graph] =============== DONE SORTING
23:55:15.159 [main] DEBUG org.testng.internal.Graph - [Graph] ====== SORTED NODES
23:55:15.159 [main] DEBUG org.testng.internal.Graph - [Graph] ====== END SORTED NODES
23:55:15.161 [main] DEBUG org.testng.internal.Graph - [Graph] ADDING NODE LogInPageTests.goToLogInPageTest()[pri:0, instance:BasicTests.LogInPageTests@8f2ef19] 1481082263
23:55:15.161 [main] DEBUG org.testng.internal.Graph - [Graph] ================ SORTING
23:55:15.161 [main] DEBUG org.testng.internal.Graph - [Graph] =============== DONE SORTING
23:55:15.162 [main] DEBUG org.testng.internal.Graph - [Graph] ====== SORTED NODES
23:55:15.162 [main] DEBUG org.testng.internal.Graph - [Graph] ====== END SORTED NODES
23:55:15.254 [main] INFO BasicTests.BasePageTests - Run SetUp method for class
23:55:15.255 [main] INFO Pages.BasePage - Wybrany driver to FIREFOX
23:55:15.442 [main] DEBUG org.apache.hc.client5.http.impl.classic.InternalHttpClient - ex-0000000001 preparing request execution
23:55:15.446 [main] DEBUG org.apache.hc.client5.http.protocol.RequestAddCookies - ex-0000000001 Cookie spec selected: strict
23:55:15.449 [main] DEBUG org.apache.hc.client5.http.protocol.RequestAuthCache - ex-0000000001 Auth cache not set in the context
23:55:15.449 [main] DEBUG org.apache.hc.client5.http.impl.classic.ProtocolExec - ex-0000000001 target auth state: UNCHALLENGED
23:55:15.450 [main] DEBUG org.apache.hc.client5.http.impl.classic.ProtocolExec - ex-0000000001 proxy auth state: UNCHALLENGED
23:55:15.450 [main] DEBUG org.apache.hc.client5.http.impl.classic.ConnectExec - ex-0000000001 acquiring connection with route {s}->https://raw.githubusercontent.com:443
23:55:15.450 [main] DEBUG org.apache.hc.client5.http.impl.classic.InternalHttpClient - ex-0000000001 acquiring endpoint (3 MINUTES)
23:55:15.451 [main] DEBUG org.apache.hc.client5.http.impl.io.PoolingHttpClientConnectionManager - ex-0000000001 endpoint lease request (3 MINUTES) [route: {s}->https://raw.githubusercontent.com:443][total available: 0; route allocated: 0 of 5; total allocated: 0 of 25]
23:55:15.453 [main] DEBUG org.apache.hc.client5.http.impl.io.PoolingHttpClientConnectionManager - ex-0000000001 endpoint leased [route: {s}->https://raw.githubusercontent.com:443][total available: 0; route allocated: 1 of 5; total allocated: 1 of 25]
23:55:15.460 [main] DEBUG org.apache.hc.client5.http.impl.io.PoolingHttpClientConnectionManager - ex-0000000001 acquired ep-0000000000
23:55:15.460 [main] DEBUG org.apache.hc.client5.http.impl.classic.InternalHttpClient - ex-0000000001 acquired endpoint ep-0000000000
23:55:15.460 [main] DEBUG org.apache.hc.client5.http.impl.classic.ConnectExec - ex-0000000001 opening connection {s}->https://raw.githubusercontent.com:443
23:55:15.460 [main] DEBUG org.apache.hc.client5.http.impl.classic.InternalHttpClient - ep-0000000000 connecting endpoint (30 SECONDS)
23:55:15.460 [main] DEBUG org.apache.hc.client5.http.impl.io.PoolingHttpClientConnectionManager - ep-0000000000 connecting endpoint to https://raw.githubusercontent.com:443 (30 SECONDS)
23:55:15.470 [main] DEBUG org.apache.hc.client5.http.impl.io.DefaultHttpClientConnectionOperator - http-outgoing-0 connecting to raw.githubusercontent.com/185.199.109.133:443
23:55:15.470 [main] DEBUG org.apache.hc.client5.http.ssl.SSLConnectionSocketFactory - Connecting socket to raw.githubusercontent.com/185.199.109.133:443 with timeout 30 SECONDS
23:55:15.546 [main] DEBUG org.apache.hc.client5.http.ssl.SSLConnectionSocketFactory - Enabled protocols: [TLSv1.3, TLSv1.2]
23:55:15.546 [main] DEBUG org.apache.hc.client5.http.ssl.SSLConnectionSocketFactory - Enabled cipher suites: [TLS_AES_256_GCM_SHA384, TLS_AES_128_GCM_SHA256, TLS_CHACHA20_POLY1305_SHA256, TLS_ECDHE_ECDSA_WITH_AES_256_GCM_SHA384, TLS_ECDHE_ECDSA_WITH_AES_128_GCM_SHA256, TLS_ECDHE_ECDSA_WITH_CHACHA20_POLY1305_SHA256, TLS_ECDHE_RSA_WITH_AES_256_GCM_SHA384, TLS_ECDHE_RSA_WITH_CHACHA20_POLY1305_SHA256, TLS_ECDHE_RSA_WITH_AES_128_GCM_SHA256, TLS_DHE_RSA_WITH_AES_256_GCM_SHA384, TLS_DHE_RSA_WITH_CHACHA20_POLY1305_SHA256, TLS_DHE_DSS_WITH_AES_256_GCM_SHA384, TLS_DHE_RSA_WITH_AES_128_GCM_SHA256, TLS_DHE_DSS_WITH_AES_128_GCM_SHA256, TLS_ECDHE_ECDSA_WITH_AES_256_CBC_SHA384, TLS_ECDHE_RSA_WITH_AES_256_CBC_SHA384, TLS_ECDHE_ECDSA_WITH_AES_128_CBC_SHA256, TLS_ECDHE_RSA_WITH_AES_128_CBC_SHA256, TLS_DHE_RSA_WITH_AES_256_CBC_SHA256, TLS_DHE_DSS_WITH_AES_256_CBC_SHA256, TLS_DHE_RSA_WITH_AES_128_CBC_SHA256, TLS_DHE_DSS_WITH_AES_128_CBC_SHA256, TLS_ECDH_ECDSA_WITH_AES_256_GCM_SHA384, TLS_ECDH_RSA_WITH_AES_256_GCM_SHA384, TLS_ECDH_ECDSA_WITH_AES_128_GCM_SHA256, TLS_ECDH_RSA_WITH_AES_128_GCM_SHA256, TLS_ECDH_ECDSA_WITH_AES_256_CBC_SHA384, TLS_ECDH_RSA_WITH_AES_256_CBC_SHA384, TLS_ECDH_ECDSA_WITH_AES_128_CBC_SHA256, TLS_ECDH_RSA_WITH_AES_128_CBC_SHA256, TLS_ECDHE_ECDSA_WITH_AES_256_CBC_SHA, TLS_ECDHE_RSA_WITH_AES_256_CBC_SHA, TLS_ECDHE_ECDSA_WITH_AES_128_CBC_SHA, TLS_ECDHE_RSA_WITH_AES_128_CBC_SHA, TLS_DHE_RSA_WITH_AES_256_CBC_SHA, TLS_DHE_DSS_WITH_AES_256_CBC_SHA, TLS_DHE_RSA_WITH_AES_128_CBC_SHA, TLS_DHE_DSS_WITH_AES_128_CBC_SHA, TLS_ECDH_ECDSA_WITH_AES_256_CBC_SHA, TLS_ECDH_RSA_WITH_AES_256_CBC_SHA, TLS_ECDH_ECDSA_WITH_AES_128_CBC_SHA, TLS_ECDH_RSA_WITH_AES_128_CBC_SHA, TLS_RSA_WITH_AES_256_GCM_SHA384, TLS_RSA_WITH_AES_128_GCM_SHA256, TLS_RSA_WITH_AES_256_CBC_SHA256, TLS_RSA_WITH_AES_128_CBC_SHA256, TLS_RSA_WITH_AES_256_CBC_SHA, TLS_RSA_WITH_AES_128_CBC_SHA, TLS_EMPTY_RENEGOTIATION_INFO_SCSV]
23:55:15.546 [main] DEBUG org.apache.hc.client5.http.ssl.SSLConnectionSocketFactory - Starting handshake
23:55:15.628 [main] DEBUG org.apache.hc.client5.http.ssl.SSLConnectionSocketFactory - Secure session established
23:55:15.628 [main] DEBUG org.apache.hc.client5.http.ssl.SSLConnectionSocketFactory -  negotiated protocol: TLSv1.3
23:55:15.629 [main] DEBUG org.apache.hc.client5.http.ssl.SSLConnectionSocketFactory -  negotiated cipher suite: TLS_AES_256_GCM_SHA384
23:55:15.629 [main] DEBUG org.apache.hc.client5.http.ssl.SSLConnectionSocketFactory -  peer principal: CN=*.github.io, O="GitHub, Inc.", L=San Francisco, ST=California, C=US
23:55:15.630 [main] DEBUG org.apache.hc.client5.http.ssl.SSLConnectionSocketFactory -  peer alternative names: [*.github.io, github.com, *.github.com, www.github.com, github.io, githubusercontent.com, *.githubusercontent.com]
23:55:15.630 [main] DEBUG org.apache.hc.client5.http.ssl.SSLConnectionSocketFactory -  issuer principal: CN=DigiCert TLS RSA SHA256 2020 CA1, O=DigiCert Inc, C=US
23:55:15.630 [main] DEBUG org.apache.hc.client5.http.impl.io.DefaultHttpClientConnectionOperator - http-outgoing-0 connection established 192.168.0.24:63069<->185.199.109.133:443
23:55:15.630 [main] DEBUG org.apache.hc.client5.http.impl.io.PoolingHttpClientConnectionManager - ep-0000000000 connected http-outgoing-0
23:55:15.631 [main] DEBUG org.apache.hc.client5.http.impl.classic.InternalHttpClient - ep-0000000000 endpoint connected
23:55:15.631 [main] DEBUG org.apache.hc.client5.http.impl.classic.MainClientExec - ex-0000000001 executing GET /bonigarcia/webdrivermanager/master/src/main/resources/commands.properties HTTP/1.1
23:55:15.631 [main] DEBUG org.apache.hc.client5.http.impl.classic.InternalHttpClient - ep-0000000000 start execution ex-0000000001
23:55:15.631 [main] DEBUG org.apache.hc.client5.http.impl.io.PoolingHttpClientConnectionManager - ep-0000000000 executing exchange ex-0000000001 over http-outgoing-0
23:55:15.632 [main] DEBUG org.apache.hc.client5.http.headers - http-outgoing-0 >> GET /bonigarcia/webdrivermanager/master/src/main/resources/commands.properties HTTP/1.1
23:55:15.632 [main] DEBUG org.apache.hc.client5.http.headers - http-outgoing-0 >> user-agent: Apache-HttpClient/5.0
23:55:15.632 [main] DEBUG org.apache.hc.client5.http.headers - http-outgoing-0 >> accept-encoding: gzip, deflate, br
23:55:15.632 [main] DEBUG org.apache.hc.client5.http.headers - http-outgoing-0 >> cache-control: max-age=0
23:55:15.632 [main] DEBUG org.apache.hc.client5.http.headers - http-outgoing-0 >> connection: keep-alive
23:55:15.632 [main] DEBUG org.apache.hc.client5.http.headers - http-outgoing-0 >> Host: raw.githubusercontent.com
23:55:15.632 [main] DEBUG org.apache.hc.client5.http.wire - http-outgoing-0 >> "GET /bonigarcia/webdrivermanager/master/src/main/resources/commands.properties HTTP/1.1[\r][\n]"
23:55:15.632 [main] DEBUG org.apache.hc.client5.http.wire - http-outgoing-0 >> "user-agent: Apache-HttpClient/5.0[\r][\n]"
23:55:15.632 [main] DEBUG org.apache.hc.client5.http.wire - http-outgoing-0 >> "accept-encoding: gzip, deflate, br[\r][\n]"
23:55:15.632 [main] DEBUG org.apache.hc.client5.http.wire - http-outgoing-0 >> "cache-control: max-age=0[\r][\n]"
23:55:15.632 [main] DEBUG org.apache.hc.client5.http.wire - http-outgoing-0 >> "connection: keep-alive[\r][\n]"
23:55:15.632 [main] DEBUG org.apache.hc.client5.http.wire - http-outgoing-0 >> "Host: raw.githubusercontent.com[\r][\n]"
23:55:15.633 [main] DEBUG org.apache.hc.client5.http.wire - http-outgoing-0 >> "[\r][\n]"
23:55:15.663 [main] DEBUG org.apache.hc.client5.http.wire - http-outgoing-0 << "HTTP/1.1 200 OK[\r][\n]"
23:55:15.663 [main] DEBUG org.apache.hc.client5.http.wire - http-outgoing-0 << "Connection: keep-alive[\r][\n]"
23:55:15.663 [main] DEBUG org.apache.hc.client5.http.wire - http-outgoing-0 << "Content-Length: 723[\r][\n]"
23:55:15.664 [main] DEBUG org.apache.hc.client5.http.wire - http-outgoing-0 << "Cache-Control: max-age=300[\r][\n]"
23:55:15.664 [main] DEBUG org.apache.hc.client5.http.wire - http-outgoing-0 << "Content-Security-Policy: default-src 'none'; style-src 'unsafe-inline'; sandbox[\r][\n]"
23:55:15.664 [main] DEBUG org.apache.hc.client5.http.wire - http-outgoing-0 << "Content-Type: text/plain; charset=utf-8[\r][\n]"
23:55:15.664 [main] DEBUG org.apache.hc.client5.http.wire - http-outgoing-0 << "ETag: W/"e82b438271e9e8680c688b0b680efd0bdd22faa6d6f0a32fc1fd8accc486b67e"[\r][\n]"
23:55:15.664 [main] DEBUG org.apache.hc.client5.http.wire - http-outgoing-0 << "Strict-Transport-Security: max-age=31536000[\r][\n]"
23:55:15.664 [main] DEBUG org.apache.hc.client5.http.wire - http-outgoing-0 << "X-Content-Type-Options: nosniff[\r][\n]"
23:55:15.664 [main] DEBUG org.apache.hc.client5.http.wire - http-outgoing-0 << "X-Frame-Options: deny[\r][\n]"
23:55:15.664 [main] DEBUG org.apache.hc.client5.http.wire - http-outgoing-0 << "X-XSS-Protection: 1; mode=block[\r][\n]"
23:55:15.664 [main] DEBUG org.apache.hc.client5.http.wire - http-outgoing-0 << "X-GitHub-Request-Id: 5E76:981F:6995DE:72B1D6:62935CBC[\r][\n]"
23:55:15.665 [main] DEBUG org.apache.hc.client5.http.wire - http-outgoing-0 << "Content-Encoding: gzip[\r][\n]"
23:55:15.665 [main] DEBUG org.apache.hc.client5.http.wire - http-outgoing-0 << "Accept-Ranges: bytes[\r][\n]"
23:55:15.665 [main] DEBUG org.apache.hc.client5.http.wire - http-outgoing-0 << "Date: Sun, 12 Jun 2022 21:55:15 GMT[\r][\n]"
23:55:15.665 [main] DEBUG org.apache.hc.client5.http.wire - http-outgoing-0 << "Via: 1.1 varnish[\r][\n]"
23:55:15.665 [main] DEBUG org.apache.hc.client5.http.wire - http-outgoing-0 << "X-Served-By: cache-fra19137-FRA[\r][\n]"
23:55:15.665 [main] DEBUG org.apache.hc.client5.http.wire - http-outgoing-0 << "X-Cache: HIT[\r][\n]"
23:55:15.665 [main] DEBUG org.apache.hc.client5.http.wire - http-outgoing-0 << "X-Cache-Hits: 1[\r][\n]"
23:55:15.665 [main] DEBUG org.apache.hc.client5.http.wire - http-outgoing-0 << "X-Timer: S1655070916.711362,VS0,VE1[\r][\n]"
23:55:15.665 [main] DEBUG org.apache.hc.client5.http.wire - http-outgoing-0 << "Vary: Authorization,Accept-Encoding,Origin[\r][\n]"
23:55:15.666 [main] DEBUG org.apache.hc.client5.http.wire - http-outgoing-0 << "Access-Control-Allow-Origin: *[\r][\n]"
23:55:15.666 [main] DEBUG org.apache.hc.client5.http.wire - http-outgoing-0 << "X-Fastly-Request-ID: 2f90ca56035d26768f662865fe4567b25a5f01e0[\r][\n]"
23:55:15.666 [main] DEBUG org.apache.hc.client5.http.wire - http-outgoing-0 << "Expires: Sun, 12 Jun 2022 22:00:15 GMT[\r][\n]"
23:55:15.666 [main] DEBUG org.apache.hc.client5.http.wire - http-outgoing-0 << "Source-Age: 249[\r][\n]"
23:55:15.666 [main] DEBUG org.apache.hc.client5.http.wire - http-outgoing-0 << "[\r][\n]"
23:55:15.669 [main] DEBUG org.apache.hc.client5.http.headers - http-outgoing-0 << HTTP/1.1 200 OK
23:55:15.669 [main] DEBUG org.apache.hc.client5.http.headers - http-outgoing-0 << Connection: keep-alive
23:55:15.669 [main] DEBUG org.apache.hc.client5.http.headers - http-outgoing-0 << Content-Length: 723
23:55:15.670 [main] DEBUG org.apache.hc.client5.http.headers - http-outgoing-0 << Cache-Control: max-age=300
23:55:15.670 [main] DEBUG org.apache.hc.client5.http.headers - http-outgoing-0 << Content-Security-Policy: default-src 'none'; style-src 'unsafe-inline'; sandbox
23:55:15.670 [main] DEBUG org.apache.hc.client5.http.headers - http-outgoing-0 << Content-Type: text/plain; charset=utf-8
23:55:15.670 [main] DEBUG org.apache.hc.client5.http.headers - http-outgoing-0 << ETag: W/"e82b438271e9e8680c688b0b680efd0bdd22faa6d6f0a32fc1fd8accc486b67e"
23:55:15.670 [main] DEBUG org.apache.hc.client5.http.headers - http-outgoing-0 << Strict-Transport-Security: max-age=31536000
23:55:15.670 [main] DEBUG org.apache.hc.client5.http.headers - http-outgoing-0 << X-Content-Type-Options: nosniff
23:55:15.670 [main] DEBUG org.apache.hc.client5.http.headers - http-outgoing-0 << X-Frame-Options: deny
23:55:15.670 [main] DEBUG org.apache.hc.client5.http.headers - http-outgoing-0 << X-XSS-Protection: 1; mode=block
23:55:15.670 [main] DEBUG org.apache.hc.client5.http.headers - http-outgoing-0 << X-GitHub-Request-Id: 5E76:981F:6995DE:72B1D6:62935CBC
23:55:15.671 [main] DEBUG org.apache.hc.client5.http.headers - http-outgoing-0 << Content-Encoding: gzip
23:55:15.671 [main] DEBUG org.apache.hc.client5.http.headers - http-outgoing-0 << Accept-Ranges: bytes
23:55:15.671 [main] DEBUG org.apache.hc.client5.http.headers - http-outgoing-0 << Date: Sun, 12 Jun 2022 21:55:15 GMT
23:55:15.671 [main] DEBUG org.apache.hc.client5.http.headers - http-outgoing-0 << Via: 1.1 varnish
23:55:15.671 [main] DEBUG org.apache.hc.client5.http.headers - http-outgoing-0 << X-Served-By: cache-fra19137-FRA
23:55:15.671 [main] DEBUG org.apache.hc.client5.http.headers - http-outgoing-0 << X-Cache: HIT
23:55:15.671 [main] DEBUG org.apache.hc.client5.http.headers - http-outgoing-0 << X-Cache-Hits: 1
23:55:15.671 [main] DEBUG org.apache.hc.client5.http.headers - http-outgoing-0 << X-Timer: S1655070916.711362,VS0,VE1
23:55:15.671 [main] DEBUG org.apache.hc.client5.http.headers - http-outgoing-0 << Vary: Authorization,Accept-Encoding,Origin
23:55:15.672 [main] DEBUG org.apache.hc.client5.http.headers - http-outgoing-0 << Access-Control-Allow-Origin: *
23:55:15.672 [main] DEBUG org.apache.hc.client5.http.headers - http-outgoing-0 << X-Fastly-Request-ID: 2f90ca56035d26768f662865fe4567b25a5f01e0
23:55:15.672 [main] DEBUG org.apache.hc.client5.http.headers - http-outgoing-0 << Expires: Sun, 12 Jun 2022 22:00:15 GMT
23:55:15.672 [main] DEBUG org.apache.hc.client5.http.headers - http-outgoing-0 << Source-Age: 249
23:55:15.675 [main] DEBUG org.apache.hc.client5.http.impl.classic.MainClientExec - ex-0000000001 connection can be kept alive for 3 MINUTES
23:55:15.688 [main] DEBUG org.apache.hc.client5.http.wire - http-outgoing-0 << "[0x1f][0xffffff8b][0x8][0x0][0x0][0x0][0x0][0x0][0x0][0x3][0xffffffb5]V]o[0xffffffda]0[0x14]}[0xffffffe7]W\[0xffffff81]*[0xffffffb5][0x12][0x1f][[M[0xffffffd3]$[0x1e]hF[0xffffffbb]i [0x18][0xffffffb4][0xffffffdd]&[0xfffffff9][0xffffffc5]$7[0xffffffc1]R[0x12]#;[0xffffff94]v[0xffffffbf]~[0xffffffb6][0xfffffff3]1[0xffffff92][0xffffff9a][0xffffffc1][0x1a]x[0xffffffcb][0xffffffb5][0xffffffaf][0xffffffcf]9[0xffffffbe][0xfffffff7]8v[0xb][0x1c][0x1e]E4[0xfffffff6]$x4[0xffffffa1][0xb]*[0xffffffb1][0xffffffd1][0xffffff82][0xfffffffb]%[0xffffff93][0xffffffe0][0xffffffb3][0x10][0xffffffc1][0xffffffe5]qBY,!Y[0xffffffea] KM8,[0x10][0xfffffff0][0x19][0xffffffdd]u[0xffffff82][0x1e][0xffffffb0][0xffffffd8]L[0xffffffcb]%[0xffffff86][0xffffffa1][0xe][0xffffffb8][0xfffffff0]P[0xffffffe8]$[0xf][0x13]t[0x13]3[0xfffffff9][0xffffff84]B2[0xffffffae][0xffffffe6]|@[0xfffffff5][0x1d][0x8][0xffffffc4][0x18][0x16][0xffffff82]o[0xffffffa4][0xffffff9a]P[0xffffff94][0xffffffe7][0xffffffce]R[0xfffffff0][0x8][0xffffffdb]p[0xffffffcb][0x4][0xfffffffa][0xfffffffc][0xffffffb9][\r][0xffffff93][0x15][\n]"
23:55:15.688 [main] DEBUG org.apache.hc.client5.http.wire - http-outgoing-0 << "[0xffffffda][0xffffff86][0xffffffa1][0x17][0xffffffa8]Q3[0xffffffcb][0xffffffd6][0xffffffd1][0xffffff85][0xffffffc6][0xfffffff7][0xffffff98][0xffffffef][0xffffffa3][0xffffffc0]8[0x1][0xffffffae]s[0x12][0x16][0x7] _d[0xffffff82][0xffffff91][0xffffff84][0xfffffff3][0x1f],[0xfffffff6][0x14]j[0x1b]F,^+[0xffffff98]1ua2[0xffffffbf]h([0xffffff8e][0xffffff94][0xffffffa2][0xffffff91]m[0xffffffa3][0xffffffeb][0xffffff9a][0xffffffb0][0xffffffbb]I[0x17]t[0xffffffdf][0xffffffbd][0xffffffef][0xffffffbb][0xffffff91][0xffffffd7]U[0xffffffbb][0xffffff82][0xffffff9e][0x3][0xffffff9b][0xffffff88][0xffffffb9][0xffffffa6]$[0xffffffa6][0xc][0xffffff9b][0xffffffa5][0xffffffe2][0xffffff83][0xffffff98]F[0xffffffd8]o[0xffffff9e]Mg[0xffffff93][0xffffffbb][0xffffffd9]`|[0xfffffffb]u4[0xffffff9c][0x7f]"}B[0xffffffce][0x8][0xffffffb9][0xffffffe3]<[0x8][0xffffff91][0xffffff90][0xffffff94][0xffffff82][0xffffff90][0xffffffc1]j[0x15]2WI[0xffffffe3]1![0x19][0xffffff91]BnB[0xffffff80][0x9]<f[0xffffffb5][0xffffffe8]=[0xffffffd1]p[0xffffffbd][[0xffffffcf][0xffffffe5][0x1b][0xfffffff4][0xffffff9c][0xffffffff][0xfffffffc][0xfffffff8][0xffffffe1][0xffffffe2][0xffffff94][0xffffffa2][0xffffffae][0xe][0x14]5[0xffffff9a]8[0xffffff83][0xffffffd1]`:[0xfffffffd]<[0xffffffb8][0x1f][0xffffff9c]R[0xffffffcf]u[0x7f]6[0xffffffbc][0xffffff83][0xffffffef][0xf][0xffffffc3][0xffffffd9]/[0xfffffff8][0xfffffff2][0xffffffcd]y s[0xffffffee]'[0x1b]*0g[0xffffffcb][0xffffffc8]nF7H][0xffffff83][0xffffff97]{[0xffffffb1]Q[0x5][\r][0xffffffb5]c[0xffffffb4][0xf][0x2][0xffffffb3][0xffffffb4][0xffffff93][0xe]C[0xffffffa7][0xffffffb3]kAD][0xffffff9d][0xffffffde][0xffffffdb][0xffffffda][0xffffff88][0xffffffec][0xffffffa5][0xffffffbc][0xffffff99][0xffffffd9][0xffffffba]t[0xffffffb5][0xffffffea]9[0xffffffea][0x10])[0xffffffb7][0xffffffca][0xffffff9e][0xfffffff2][0xffffffe2]d^N[0xffffffd8]FW[0x16][0xffffffcd][0xffffffdc]_[0x10][0xfffffff9]i|[0x1c][0xffffff93][0xffffff8e][0xfffffff9]o[0x16][0xffffff86]4'!$G[0xffffffdf]W[0xfffffff4]W*j[[0xfffffff3]xR[0xffffffae][0xffffffb6][0xc][0xffffffd0],; #[0xffffffa9][0xffffff92]5[0xffffffb5][0x7][0xffffff9c][0xffffffb5][0xffffffd0][0x7f][0xffffff90][0xffffffc7]jgs[0xfffffffc][0xffffffc2][0xb][0xffffffd9][0x0]t[0xffffff9e]^'Y[0xfffffffb][0xffffff9f][0xffffffb1][0xffffffd8]:[0xffffffbf][0xffffff8d][0xffffffa5][0xffffff9a][0xffffffad][0x7f]m[0x5]&[0xffffffaa][0xffffffa0]^[0xffffff9b][0xffffffcb][0x5]f[0xffffffae][0xffffffe0]RU[0xffffff82][0x10]MS9l[0xffffff91]4t[0xfffffffb][0xffffff8a]][0xffffffd6][0xfffffff4][0xffffff96][0xffffffa6][0xffffff9f]P[0xffffffce][0xffffffd5][0xffffffce][0xffffff93][0xffffffff][0xffffff97][0xffffffcc]p[0xfffffffd][0xfffffff3][0xffffffe8][0x1b][0xffffffcc][0xffffffa2][0xffffffd9]Q[0xffffffbe][0xffffffb2][0xffffffa3][0xffffffc7]m'[0xffffffdf][0xffffffe4][[0xfffffffb]^[0xffffffb0][0xffffff9a][0xffffffbe][0xffffffda][0xffffffda]_[0xffffffce][0xffffff80][0xffffffd2][0xffffffc1]7[0xffffffb7]][0xffffffc1]b[0xffffffee][0xffffffb5][0xffffffff]w[0xffffff83][0xffffffed][0xffffffa7];[0x15]<[0x10]4[0xffffff92][0xffffff84][0x18][\n]"
23:55:15.688 [main] DEBUG org.apache.hc.client5.http.wire - http-outgoing-0 << "BB[0xffffffba][0xffffff8e]][0xffffffb5]jo[0xffffffb9]+"[0xffffffea][0xffffffb4][0xffffffff]h"[0xffffffea]\?5[0xffffffa9][0xffffffaf]k[0xffffffec][0xffffffff]P[0xffffffea][\n]"
23:55:15.688 [main] DEBUG org.apache.hc.client5.http.wire - http-outgoing-0 << "w[0xffffffe1]K[0x13][0xffffffda][0xffffffec][0xffffff98][0xffffffe6]Y[0xfffffffd]h8m6[0xffffff9c]T[0xffffffc1][0xfffffff2][0xffffffa7][0xffffff91]z_[0xffffff95]o85p[0x1c][0x13][0xffffffe6][0xfffffff0]5[0xffffffee][0xfffffffc][0xffffff92][0xffffff96][0xffffffda][0xfffffff7][0xffffffcf][0xffffffb1][0x5][0x1d][0xffffffea]K[0xffffff9b]9[0xffffff8e][0xffffffad]e[0xfffffff7][0xffffff93][0xffffffa8]`[0xffffffda][0xffffffff][0x1a][0xffffffd2][0xffffff88][0xffffff85][0xfffffffd][0xfffffff2][0xffffff91]N[0xfffffff6]`[0xffffffdf]2[0xffffffcf][0xffffffae]E[0xffffff97][0xffffffc5][0xffffffa2][0xffffff9d][0xffffffef]'[0xffffff9d]mun.[0xffffffd3]f^[0xffffffc7][0xffffff82][0xffffffda][0xffffff82]9[0xfffffff5][0xffffffa9]`[0x5][0xffffffbc]4[0xffffffa1][0x1d]<M[0xffffffb5]A[0xffffffa7]3[[0xffffffc0][0x7f][0x0][0xffffffc1][0xffffffd0]$[0xffffff85][0x1d][\r][0x0][0x0]"
23:55:15.689 [main] DEBUG org.apache.hc.client5.http.impl.classic.InternalHttpClient - ep-0000000000 releasing valid endpoint
23:55:15.689 [main] DEBUG org.apache.hc.client5.http.impl.io.PoolingHttpClientConnectionManager - ep-0000000000 releasing endpoint
23:55:15.690 [main] DEBUG org.apache.hc.client5.http.impl.io.PoolingHttpClientConnectionManager - ep-0000000000 connection http-outgoing-0 can be kept alive for 3 MINUTES
23:55:15.690 [main] DEBUG org.apache.hc.client5.http.impl.io.PoolingHttpClientConnectionManager - ep-0000000000 connection released [route: {s}->https://raw.githubusercontent.com:443][total available: 1; route allocated: 1 of 5; total allocated: 1 of 25]
23:55:15.690 [main] DEBUG io.github.bonigarcia.wdm.versions.VersionDetector - Detecting firefox version using online commands.properties
23:55:15.692 [main] DEBUG io.github.bonigarcia.wdm.versions.Shell - Running command on the shell: [/Applications/Firefox.app/Contents/MacOS/firefox, -v]
23:55:15.824 [main] DEBUG io.github.bonigarcia.wdm.versions.Shell - Result: Mozilla Firefox 101.0.1
23:55:15.826 [main] DEBUG io.github.bonigarcia.wdm.versions.VersionDetector - Getting driver version for firefox101 from online versions.properties
23:55:15.828 [main] DEBUG org.apache.hc.client5.http.impl.classic.InternalHttpClient - ex-0000000002 preparing request execution
23:55:15.828 [main] DEBUG org.apache.hc.client5.http.protocol.RequestAddCookies - ex-0000000002 Cookie spec selected: strict
23:55:15.828 [main] DEBUG org.apache.hc.client5.http.protocol.RequestAuthCache - ex-0000000002 Auth cache not set in the context
23:55:15.828 [main] DEBUG org.apache.hc.client5.http.impl.classic.ProtocolExec - ex-0000000002 target auth state: UNCHALLENGED
23:55:15.828 [main] DEBUG org.apache.hc.client5.http.impl.classic.ProtocolExec - ex-0000000002 proxy auth state: UNCHALLENGED
23:55:15.828 [main] DEBUG org.apache.hc.client5.http.impl.classic.ConnectExec - ex-0000000002 acquiring connection with route {s}->https://raw.githubusercontent.com:443
23:55:15.828 [main] DEBUG org.apache.hc.client5.http.impl.classic.InternalHttpClient - ex-0000000002 acquiring endpoint (3 MINUTES)
23:55:15.829 [main] DEBUG org.apache.hc.client5.http.impl.io.PoolingHttpClientConnectionManager - ex-0000000002 endpoint lease request (3 MINUTES) [route: {s}->https://raw.githubusercontent.com:443][total available: 1; route allocated: 1 of 5; total allocated: 1 of 25]
23:55:15.829 [main] DEBUG org.apache.hc.client5.http.impl.io.PoolingHttpClientConnectionManager - ex-0000000002 endpoint leased [route: {s}->https://raw.githubusercontent.com:443][total available: 0; route allocated: 1 of 5; total allocated: 1 of 25]
23:55:15.829 [main] DEBUG org.apache.hc.client5.http.impl.io.PoolingHttpClientConnectionManager - ex-0000000002 acquired ep-0000000001
23:55:15.829 [main] DEBUG org.apache.hc.client5.http.impl.classic.InternalHttpClient - ex-0000000002 acquired endpoint ep-0000000001
23:55:15.829 [main] DEBUG org.apache.hc.client5.http.impl.classic.MainClientExec - ex-0000000002 executing GET /bonigarcia/webdrivermanager/master/src/main/resources/versions.properties HTTP/1.1
23:55:15.829 [main] DEBUG org.apache.hc.client5.http.impl.classic.InternalHttpClient - ep-0000000001 start execution ex-0000000002
23:55:15.829 [main] DEBUG org.apache.hc.client5.http.impl.io.PoolingHttpClientConnectionManager - ep-0000000001 executing exchange ex-0000000002 over http-outgoing-0
23:55:15.829 [main] DEBUG org.apache.hc.client5.http.headers - http-outgoing-0 >> GET /bonigarcia/webdrivermanager/master/src/main/resources/versions.properties HTTP/1.1
23:55:15.829 [main] DEBUG org.apache.hc.client5.http.headers - http-outgoing-0 >> user-agent: Apache-HttpClient/5.0
23:55:15.829 [main] DEBUG org.apache.hc.client5.http.headers - http-outgoing-0 >> accept-encoding: gzip, deflate, br
23:55:15.829 [main] DEBUG org.apache.hc.client5.http.headers - http-outgoing-0 >> cache-control: max-age=0
23:55:15.829 [main] DEBUG org.apache.hc.client5.http.headers - http-outgoing-0 >> connection: keep-alive
23:55:15.829 [main] DEBUG org.apache.hc.client5.http.headers - http-outgoing-0 >> Host: raw.githubusercontent.com
23:55:15.830 [main] DEBUG org.apache.hc.client5.http.wire - http-outgoing-0 >> "GET /bonigarcia/webdrivermanager/master/src/main/resources/versions.properties HTTP/1.1[\r][\n]"
23:55:15.830 [main] DEBUG org.apache.hc.client5.http.wire - http-outgoing-0 >> "user-agent: Apache-HttpClient/5.0[\r][\n]"
23:55:15.830 [main] DEBUG org.apache.hc.client5.http.wire - http-outgoing-0 >> "accept-encoding: gzip, deflate, br[\r][\n]"
23:55:15.830 [main] DEBUG org.apache.hc.client5.http.wire - http-outgoing-0 >> "cache-control: max-age=0[\r][\n]"
23:55:15.830 [main] DEBUG org.apache.hc.client5.http.wire - http-outgoing-0 >> "connection: keep-alive[\r][\n]"
23:55:15.830 [main] DEBUG org.apache.hc.client5.http.wire - http-outgoing-0 >> "Host: raw.githubusercontent.com[\r][\n]"
23:55:15.830 [main] DEBUG org.apache.hc.client5.http.wire - http-outgoing-0 >> "[\r][\n]"
23:55:15.863 [main] DEBUG org.apache.hc.client5.http.wire - http-outgoing-0 << "HTTP/1.1 200 OK[\r][\n]"
23:55:15.863 [main] DEBUG org.apache.hc.client5.http.wire - http-outgoing-0 << "Connection: keep-alive[\r][\n]"
23:55:15.863 [main] DEBUG org.apache.hc.client5.http.wire - http-outgoing-0 << "Content-Length: 1268[\r][\n]"
23:55:15.863 [main] DEBUG org.apache.hc.client5.http.wire - http-outgoing-0 << "Cache-Control: max-age=300[\r][\n]"
23:55:15.863 [main] DEBUG org.apache.hc.client5.http.wire - http-outgoing-0 << "Content-Security-Policy: default-src 'none'; style-src 'unsafe-inline'; sandbox[\r][\n]"
23:55:15.863 [main] DEBUG org.apache.hc.client5.http.wire - http-outgoing-0 << "Content-Type: text/plain; charset=utf-8[\r][\n]"
23:55:15.863 [main] DEBUG org.apache.hc.client5.http.wire - http-outgoing-0 << "ETag: W/"9848502208952f47c7d5d1311dd4f35e0e340e730ae3575bf04c2aed9a3bcb86"[\r][\n]"
23:55:15.863 [main] DEBUG org.apache.hc.client5.http.wire - http-outgoing-0 << "Strict-Transport-Security: max-age=31536000[\r][\n]"
23:55:15.863 [main] DEBUG org.apache.hc.client5.http.wire - http-outgoing-0 << "X-Content-Type-Options: nosniff[\r][\n]"
23:55:15.863 [main] DEBUG org.apache.hc.client5.http.wire - http-outgoing-0 << "X-Frame-Options: deny[\r][\n]"
23:55:15.864 [main] DEBUG org.apache.hc.client5.http.wire - http-outgoing-0 << "X-XSS-Protection: 1; mode=block[\r][\n]"
23:55:15.864 [main] DEBUG org.apache.hc.client5.http.wire - http-outgoing-0 << "X-GitHub-Request-Id: 5CEC:E6E7:10BB52:1EDC14:62A5A25C[\r][\n]"
23:55:15.864 [main] DEBUG org.apache.hc.client5.http.wire - http-outgoing-0 << "Content-Encoding: gzip[\r][\n]"
23:55:15.864 [main] DEBUG org.apache.hc.client5.http.wire - http-outgoing-0 << "Accept-Ranges: bytes[\r][\n]"
23:55:15.864 [main] DEBUG org.apache.hc.client5.http.wire - http-outgoing-0 << "Date: Sun, 12 Jun 2022 21:55:15 GMT[\r][\n]"
23:55:15.864 [main] DEBUG org.apache.hc.client5.http.wire - http-outgoing-0 << "Via: 1.1 varnish[\r][\n]"
23:55:15.864 [main] DEBUG org.apache.hc.client5.http.wire - http-outgoing-0 << "X-Served-By: cache-fra19137-FRA[\r][\n]"
23:55:15.864 [main] DEBUG org.apache.hc.client5.http.wire - http-outgoing-0 << "X-Cache: HIT[\r][\n]"
23:55:15.864 [main] DEBUG org.apache.hc.client5.http.wire - http-outgoing-0 << "X-Cache-Hits: 1[\r][\n]"
23:55:15.864 [main] DEBUG org.apache.hc.client5.http.wire - http-outgoing-0 << "X-Timer: S1655070916.909611,VS0,VE1[\r][\n]"
23:55:15.864 [main] DEBUG org.apache.hc.client5.http.wire - http-outgoing-0 << "Vary: Authorization,Accept-Encoding,Origin[\r][\n]"
23:55:15.865 [main] DEBUG org.apache.hc.client5.http.wire - http-outgoing-0 << "Access-Control-Allow-Origin: *[\r][\n]"
23:55:15.865 [main] DEBUG org.apache.hc.client5.http.wire - http-outgoing-0 << "X-Fastly-Request-ID: 320972f08934f7e0d50f39609c536c9d9f14c456[\r][\n]"
23:55:15.865 [main] DEBUG org.apache.hc.client5.http.wire - http-outgoing-0 << "Expires: Sun, 12 Jun 2022 22:00:15 GMT[\r][\n]"
23:55:15.865 [main] DEBUG org.apache.hc.client5.http.wire - http-outgoing-0 << "Source-Age: 244[\r][\n]"
23:55:15.865 [main] DEBUG org.apache.hc.client5.http.wire - http-outgoing-0 << "[\r][\n]"
23:55:15.865 [main] DEBUG org.apache.hc.client5.http.headers - http-outgoing-0 << HTTP/1.1 200 OK
23:55:15.865 [main] DEBUG org.apache.hc.client5.http.headers - http-outgoing-0 << Connection: keep-alive
23:55:15.866 [main] DEBUG org.apache.hc.client5.http.headers - http-outgoing-0 << Content-Length: 1268
23:55:15.866 [main] DEBUG org.apache.hc.client5.http.headers - http-outgoing-0 << Cache-Control: max-age=300
23:55:15.866 [main] DEBUG org.apache.hc.client5.http.headers - http-outgoing-0 << Content-Security-Policy: default-src 'none'; style-src 'unsafe-inline'; sandbox
23:55:15.866 [main] DEBUG org.apache.hc.client5.http.headers - http-outgoing-0 << Content-Type: text/plain; charset=utf-8
23:55:15.866 [main] DEBUG org.apache.hc.client5.http.headers - http-outgoing-0 << ETag: W/"9848502208952f47c7d5d1311dd4f35e0e340e730ae3575bf04c2aed9a3bcb86"
23:55:15.866 [main] DEBUG org.apache.hc.client5.http.headers - http-outgoing-0 << Strict-Transport-Security: max-age=31536000
23:55:15.866 [main] DEBUG org.apache.hc.client5.http.headers - http-outgoing-0 << X-Content-Type-Options: nosniff
23:55:15.866 [main] DEBUG org.apache.hc.client5.http.headers - http-outgoing-0 << X-Frame-Options: deny
23:55:15.866 [main] DEBUG org.apache.hc.client5.http.headers - http-outgoing-0 << X-XSS-Protection: 1; mode=block
23:55:15.866 [main] DEBUG org.apache.hc.client5.http.headers - http-outgoing-0 << X-GitHub-Request-Id: 5CEC:E6E7:10BB52:1EDC14:62A5A25C
23:55:15.866 [main] DEBUG org.apache.hc.client5.http.headers - http-outgoing-0 << Content-Encoding: gzip
23:55:15.866 [main] DEBUG org.apache.hc.client5.http.headers - http-outgoing-0 << Accept-Ranges: bytes
23:55:15.866 [main] DEBUG org.apache.hc.client5.http.headers - http-outgoing-0 << Date: Sun, 12 Jun 2022 21:55:15 GMT
23:55:15.866 [main] DEBUG org.apache.hc.client5.http.headers - http-outgoing-0 << Via: 1.1 varnish
23:55:15.867 [main] DEBUG org.apache.hc.client5.http.headers - http-outgoing-0 << X-Served-By: cache-fra19137-FRA
23:55:15.867 [main] DEBUG org.apache.hc.client5.http.headers - http-outgoing-0 << X-Cache: HIT
23:55:15.867 [main] DEBUG org.apache.hc.client5.http.headers - http-outgoing-0 << X-Cache-Hits: 1
23:55:15.867 [main] DEBUG org.apache.hc.client5.http.headers - http-outgoing-0 << X-Timer: S1655070916.909611,VS0,VE1
23:55:15.867 [main] DEBUG org.apache.hc.client5.http.headers - http-outgoing-0 << Vary: Authorization,Accept-Encoding,Origin
23:55:15.867 [main] DEBUG org.apache.hc.client5.http.headers - http-outgoing-0 << Access-Control-Allow-Origin: *
23:55:15.867 [main] DEBUG org.apache.hc.client5.http.headers - http-outgoing-0 << X-Fastly-Request-ID: 320972f08934f7e0d50f39609c536c9d9f14c456
23:55:15.867 [main] DEBUG org.apache.hc.client5.http.headers - http-outgoing-0 << Expires: Sun, 12 Jun 2022 22:00:15 GMT
23:55:15.867 [main] DEBUG org.apache.hc.client5.http.headers - http-outgoing-0 << Source-Age: 244
23:55:15.868 [main] DEBUG org.apache.hc.client5.http.impl.classic.MainClientExec - ex-0000000002 connection can be kept alive for 3 MINUTES
23:55:15.869 [main] DEBUG org.apache.hc.client5.http.wire - http-outgoing-0 << "[0x1f][0xffffff8b][0x8][0x0][0x0][0x0][0x0][0x0][0x0][0x3][0xffffff8d][0xffffff97][0xffffffcd]n#7[0xc][0xffffffc7][0xffffffef]y[0xffffff8a][0x1][0xfffffff6][0x1c]Y[0xffffffdf][0xffffffa2][0x2][0xffffffe8][0xffffffd2][0xffffffcf]S[0xffffffd1]C[0xfffffffb][0x2][0xffffff8e]=q[0x6][0xffffffeb]x[0xffffff82][0x19]g[0xffffffb3][0xffffffe8][0xffffffd3][0xffffff97][0xffffff94][0xffffffc4][0xffffffb1],l[0xffffff81][0x1e][0xffffff8c][0xffffff84]?K[0x14])[0xffffff89][0xfffffffa][0xffffffd3]_[0xffffff86][0xffffffbf]_[0xffffffa7]ux[0xffffff99][0xffffffce][0xffffffe3]p[0xffffff98]/[0xffffffd7][0xfffffffd]tY[0xffffff87][0xffffffeb][0xffffffeb]8|[0xffffffbd][0xffffffcc][0xffffff9f][0xffffff97][0xffffffe1][0xffffffb8]L[0xffffffdf][0xffffffc6]e[0xffffffc0][0xffffffcf]:[0xffffffcd][0xfffffff8][0xffffffcd]a~{[0xffffffdf]_[0xffffffa7]g[0x1c][0xfffffffd]9]_[0xfffffff3][0xffffffc8][0xffffffc3][0xffffffbc],[0xffffffe3][0xfffffffa]>_[0xffffff8e][0xffffffd3][0xffffffe5]4</[0xfffffff3][0xffffffe7]z[0xffffff9b][0xfffffff2][0xfffffff0][0xfffffff0]e[0xfffffff8][0xffffffa9][0xffffffa0][0xffffffa7][0xffffffe1][0xfffffff7]y>[0xffffffe1][0xffffffcc][0xffffff9f]_[0xffffff97][0xfffffff9]m[0x1c][0xfffffff6][0xffffff97]c[0xfffffff9]w[0xfffffffa]x[0x1b][0x1e][0xffffff87]_[0xfffffff2]RO[0xffffffc3]![0x7f][[0x16][0xffffffc6][0xffffffc9][0x7f][0xffffffcd][0x1f][0xffffffcb]a|[0x1a]^[0xffffffaf][0xffffffd7][0xfffffff7][0xffffffa7][0xffffffdd][0xffffffae][0xfffffffd]V[0x1c][0xffffffea]l1/[0xffffffa7][0xffffffdd][0x11][0xffffffe3]=[0xffffffcf][0xfffffffb][0xffffffe3][0xfffffffa]P[0xffffffc6](i[0x12]~[0xffffff84][0x14]Nz)[0xffffffb4][0xffffffdd][0xffffffb8]F[0xffffffae]3[0xffffff97]Nx[0xffffffb5]q[0xffffff85]\![0xffffffb7][0xffffffd1])ao\"[0xffffff97][0xffffffc4]!z[0xffffffe1]e[0xffffffe5]1[0xffffffa6][0x18]3[0xffffffb5]V8[0x1e][0x1d]!E [0x1a][0x1c][0x8]\[0xffffff86]qH1[0x10][0xfffffff6]Q[0xffffff8b][0xffffffb0][\r][0xfffffff6][0x9]=[0x12][0xfffffff5]VX[0xffffffc7][0xffffffd4][0xffffffa5][0xffffffe8]25 |djS[0xffffffb4][0xffffff99]J/[0xffffff94]2[0xffffff8c]M[0xffffff8a][0xffffff94][0xffffffa3]u![0x8][0xffffffbf]Q[0xffffff9d][0xffffffa2][0xffffffce]T9[0xffffff8c]"0V)[0xffffffe6][0x4]m[0xffffffd0][0xffffff88][0xffffffb7]0d[0xffffff8a]9?k[0xffffff9a]}[0xffffff82][0xffffff98] [0xffffffe7]g[0xfffffff0][0xffffff8f]f[0xffffffcf][0x0][0x9]r~F[[0x11]=[0xffffffd3][0xffffff90] [0xffffffa7][0xffffffa7]A[\n]"
23:55:15.869 [main] DEBUG org.apache.hc.client5.http.wire - http-outgoing-0 << "[0x0][0xffffffa6]>ANO[[0xfffffff4][0xffffffcb][[0x1].ANO[0xffffff81][0x11][0xffffffc0][0xffffffa1][0xffffff81]M[0xffffff90][0xffffffd3]S6[0x8][0xffffffc3]{[0xc]&A[0xffffffce][0xffffff8e][0xe][0xffffffd2][0xfffffff0]V[0xffffff80]J[0xffffff90][0xffffffd3][0xffffff90][0xffffffb8][0xfffffff3][0xffffffca]l[0xffffffcb][0xffffffc9][0x4][0xffffff94][0xffffff86][0xffffff89][0x18][0xffffff8b][0xffffff92][0x1c][[0xffffff88])[0xffffffc4][0xffffff8c][0xffffffad][0x13]f[0xffffffa3][0xffffff90][0x2]d*[0xffffffd1][0xffffff87][0xffffffe4][0xffffffbd][0xf]![0x5]J[0xffffffc4][0xffffff80]w[0xffffffe8][0xffffff9f][0xffffffa9]O[0xffffffc1]g*[0xffffffa3]Pz[0xfffffff3][0xffffffe1]R[0xffffffa0]LL[0x8]R[0xffffffa8][0xffffffdb]h[0xffffff9b][0xffffff82][0xffffffcd]XG[0xffffffb1][0xffffff8d]5)P&[0xffffffc6]cB[0xffffff9e]C[0xe]:i<Q[0xffffffb6][0xffffffd4][0xffffff9d]%[0xffffffc9][0xffffffe2][0xffffffc0]|$[0xffffff8b][0xffffffcf][0xffffffc6][0x3]Y[0xffffffbc][0xffffffa3]>[0xffffff90][0xffffffc5][0xffffffa7][0xffffffe9]=Y[0x1c][0xffffff8c]whm[[0xffffffe4]-Y[0xffffffbc][0xffffffe7][0xffffffde][0xffffff90][0xffffffc5][0xffffffeb]y[0xffffff8a][0xffffffc5]l[0xffffffeb]Q,f[[0xffffff8f]b1[0xffffffe6][0xffffffae][0xffffff98][0xffffffff][0xffffff98][0xffffffff][0xffffff99][0xffffffce][0xffffffe7][0xfffffffd][0xfffffff0][0xffffffdb][0xffffffb4][0xffffff8c]/[0xfffffff3][0xfffffff7][0xffffffa6][0xffffff82]O[0xffffffe3][0xffffffe1][0xffffffeb][0xfffffffc][0xffffffc3][0x2]^[0xffffffb1][0xffffff82]O[0xfffffff8]n|<[0xb]|Ivo[0xffffffc5][0xffffffc5][0xffffffae][0xffffff99][0xffffffb0][[0xffffffc6][0xfffffff3][0xffffffb8]_[0xffffffc7][0xfffffff5][0xffffffe1][0xffffffa5][0xfffffff8][0xffffffa5][0xfffffff2][0xffffffc3]m[0xffffffc3][0xfffffff3]f[0xffffff82][0xffffff85][0xffffffd7][0x1][0xffffffe8]A  [0x1b][0xffffffe0]{[0xffffffe0]z`{`z[0xffffffa0]{[0xffffffa0]z@[0xffffff91][0xffffffe2][0xffffff99]7@[0xffffff9c][0xffffffa7][0xffffffcb][0xffffffc7][0xfffffff7][0xffffff82][0x15]c[0xffffff88][0xffffffdd]8[0xffffff80][0x1e][0xffffff84][0x1e][0xfffffff8][0x1e][0xffffffb8][0x1e][0xffffffd8][0x1e]P[0x2][0x1a][0x1a][0xffffffa0]{@[0x9][0xffffffe8][0xffffffd0][0x0][0xffffffd9][0xffffff81][0x10]{[0xffffff90]#[0xfffffff5][\r][0x8]=[0xfffffff0]=p=[0xffffffb0]=0=[0xffffffd0]=P=[0xffffff90][0x1d][0xfffffff0][0xffffffb1][0x7]9R[0xffffffd7][0xffffff80][0x1c][0xffffffa9]m[0xffffff80][0xffffffef][0xffffff81][0xffffffeb]A[0xffffff8e][0xffffffd4]4[0xffffffc0][0xfffffff4] G[0xffffffaa][0x1b][0xffffff90]#m[0xffffffee][0xffffffa2][0xffffff97][0x1d]p[0xffffffb1][0x7][0xffffffd0][0xffffff83][0xffffffd0][0xffffff83][0x1c]is[0xffffffd3][0xffffff9c]c[0xffffffd0]V[0xffffffe4][0xffffff9f][0xffffffef][0xffffffe3][0xffffffb2]o[0xffffffea]p&[0xfffffffb][0xffffffff][0xffffffd4]a[0x1e][0xffffffb8][0xffffffce]/[0xffffffd7][0xffffffcf][0xfffffffd]2[0x16][0xffffff8b][0xffffffa5][0xffffffb5][0xffffffaf][0xffffffca][0xfffffffc]%[0xffffffde][0xffffffd7]{[0x5]-4[0xffffffb4][0xfffffffa][0xffffffe9]m[0xffffffa5][0xffffffbe]UO[0xffffffa5]C[0xffffffc5][0xffffffee]^=[0xb][0xffffffb4][0xffffff8d]x[0xffffff82][0xffffffae][0xffffffd0][0xffffffdc]Kg[0xffffff81][0xfffffffa]^9[0xb]T[0xffffff8d]p:^_6[0xffffffba][0xffffffc9][0xffffffa1][0xffffffe2][0xffffffbd][0xffffffbe]S[0xffffffcd][0x2][0xffffffa1][0x13][0xffffffcd]BC[0xffffffa3][0xffffff99][0xffffff81][0xffffffa1]o[0x14][0x13][0xffffffea][0xfffffff2]x[0xffffffd1]o[0xffffff82][0xffffffc9][0xffffffd1][0xffffffe3]e[0xffffffbf][0xffffffe9][0xffffffa5][0xffffff92]5([0xffffffbc][0xfffffff1]7[0xffffffbd][0xfffffff4][0xffffffec]T7r[0x9][0xffffffb2]B[0xffffffd5][0xffffffa8]%[0xfffffff5][0x13][0xffffff85][0xffffffca]F-![0x16][0xffffff88]%p[0x13][0xffffffcb]X[0xffffff9d]b[0x19]4Z[0xffffffa9]j[0xffffffaa]X[0xb][0xffffffad]T[0xffffffd6][0xffffffb5][0xffffffb0] nJ[0x19][0xffffffd8][0xffffffab]k[0xffffff84][0x12][0xffffffd8][0xffffffab]mdRi[0xffffff9e]oZ[0xffffff99]45V,[0xffffff91]F%[0xffffffb7][0xffffffb5][0xffffffaa][0xffffffba]e[0xffffffc3][0xffffffc5][0xffffffd6][0xffffffa8][0xffffffda]V[0xffffff8c]*m[0xffffffc5][0xffffffa8][0xffffffca]V[0xffffff8c]*l[0xffffffc5][0xffffffa8][0xffffffba]V[0xffffff8c]*k[0xffffffc5][0xffffffa8][0xffffffaa]V[0xc]Ud[0xffffffac][0x18][0xffffffb2]1,E[0xffffffc0][0x11][[0xffffff8a][0xffffffc0][0xffffffd4]u,E[0xffffffa0][0xffffffeb]fX_[0xffffff8c];[0x1d][0xffffff9c][0xe][0xffffffcb]L[0xffffffc5]3[0xfffffffc]z<[0xffffff8d]M[0xfffffff9][0xffffffbd][0xffffffad]#[0xffffff82][0xffffffff][0xffffffac][0xffffffbf][0xffffffe3][0xfffffff8]m<[0xffffff93]W[0xfffffff1][0xffffffc6][0x1e]r1[0xffffff8e][0xffffff97][0xffffffc7][0xffffff8f]u[0xffffffb7][0xffffffb1]Gr[0xffffffb2][0xffffffbb][0xffffffce][0xfffffff3]y[0xffffffdd]}[0xffffff8e][0xffffffcf][0xffffffb5][0x1e][0x1f][0xffffff88][0xffffffe2]u[0xffffffc2][0xffffffda][0xffffffa2]{[0xffffff80]=[0x9][0xffffffbd][0xffffffeb][0x5]r[0x1b][0xffffffab][0xffffffb4][0xffffffc2][\n]"
23:55:15.869 [main] DEBUG org.apache.hc.client5.http.wire - http-outgoing-0 << "5[0xffffff95]r[0x13][0xffffffab][0x14][0xffffffde]'l[0xffffffa5][0xffffff88]r[0xb][0xffffffab][0xffffff94][0xffffffa3][0x2])[0xffffffac]6[0xffffffb0]JI[0xffffffec]>ua[0xffffffb5]{[0xffffffc5][0xffffffa2][0xffffffd0][0x1b][0xffffffab][0xffffffbd]+[0xfffffff6]Nvc[0xffffffb5]s[0xffffffc5]{[0xffffffba][0xffffffad][0xffffffcc]}k[0xffffffc4][0xffffffda]2[0xffffffaa][0xffffffa0][0xffffffda][0xffffffb3]F[0xffffffaf][0xffffffe8][0x0]2[0xffffffaa][\r]k[0xffffff94][0xffffffb7][0x5]j[0xffffffb3][\n]"
23:55:15.870 [main] DEBUG org.apache.hc.client5.http.wire - http-outgoing-0 << "T[0xffffffe1]ubmT[0x1][0x13]+[0xffffff84][0xffffff9b][0xffffffd4][0xffffff80][0x1d][0x17][0x14]R[0x1b][0xffffffd4][0xffffff80]/S[0xffffff9d][0xffffffc6][0xffffffdd][0xffffffa9][0xfffffff7][0xffffffb1]n[0x12]w[0xffffffa6][0x1e][0xffffff9f]n_[0xfffffff6][0xffffff82][0xffffffdb]R[0xffffff87][0xffffffcb][0xffffff85]:[0xffffffaa][0xfffffff6][0xffffffa4].kB&[0xffffffdc][0xffffff8f]bI[0xffffffb8][0xffffffba][0x1e]Vmy5"[0xffffffc7][0xffffffc4][0xffffffed][0xffffffa9][0xfffffff2][0xfffffff4]`d[0xffffffc4][0xffffffad])f[0xffffffac]T[0x19][0xffffffb6][0xfffffff5][0xffffffa5][0xffffffca]T[0xffffffef][0xffffffdc][0xffffff93]j[0xffffffaa][0xffffffad]Bj;[0xffffffaa][0xffffffcd]Fj+J[0xffffffcf]A%[0xffffffb5][0xb]U[0x6][0xffffffdb][0xfffffff4][0xffffff82][0xffffffac]M[0xffffffef][0xffffffcb][0xfffffff8][0xffffff88]?[0xffffffe5][0xffffffae][0xfffffffb][0xfffffff3]y<[0x16][0xffffffa8][0x13][0xffffffbe][0xffffffbf]AaS[0xffffff97]M[0xffffff95][0xffffffb0]t[0xffffffbd][0xffffff8e]%}+[0x13][0xffffffbe][0xf][0xfffffff8]K[0xffffffa9][0xffffff9c][0xffffff87][0xffffff81][0xffffff84][0xffffffcf][0xffffff8d]5[0xffffffb1][0xffffff98][0xffffff9a][0xffffff8a][\r]O[0x1a][0xffffffca][0x1d][0xffffffd1]x[0xffffff99][0xffffffe8][0xffffff90][0xffffffb1][0x16][0xffffffff][0x5]'O[0xffffffe2][0xffffffeb]@[0xe][0x0][0x0]"
23:55:15.871 [main] DEBUG org.apache.hc.client5.http.impl.classic.InternalHttpClient - ep-0000000001 releasing valid endpoint
23:55:15.871 [main] DEBUG org.apache.hc.client5.http.impl.io.PoolingHttpClientConnectionManager - ep-0000000001 releasing endpoint
23:55:15.871 [main] DEBUG org.apache.hc.client5.http.impl.io.PoolingHttpClientConnectionManager - ep-0000000001 connection http-outgoing-0 can be kept alive for 3 MINUTES
23:55:15.871 [main] DEBUG org.apache.hc.client5.http.impl.io.PoolingHttpClientConnectionManager - ep-0000000001 connection released [route: {s}->https://raw.githubusercontent.com:443][total available: 1; route allocated: 1 of 5; total allocated: 1 of 25]
23:55:15.871 [main] DEBUG io.github.bonigarcia.wdm.versions.VersionDetector - Driver for firefox101 not found in online properties (using local versions.properties)
23:55:15.873 [main] DEBUG io.github.bonigarcia.wdm.WebDriverManager - The driver version for FIREFOX 101 is unknown ... trying with latest
23:55:15.875 [main] INFO io.github.bonigarcia.wdm.WebDriverManager - Reading https://api.github.com/repos/mozilla/geckodriver/releases to seek geckodriver
23:55:15.880 [main] DEBUG org.apache.hc.client5.http.impl.classic.InternalHttpClient - ex-0000000003 preparing request execution
23:55:15.880 [main] DEBUG org.apache.hc.client5.http.protocol.RequestAddCookies - ex-0000000003 Cookie spec selected: strict
23:55:15.880 [main] DEBUG org.apache.hc.client5.http.protocol.RequestAuthCache - ex-0000000003 Auth cache not set in the context
23:55:15.880 [main] DEBUG org.apache.hc.client5.http.impl.classic.ProtocolExec - ex-0000000003 target auth state: UNCHALLENGED
23:55:15.880 [main] DEBUG org.apache.hc.client5.http.impl.classic.ProtocolExec - ex-0000000003 proxy auth state: UNCHALLENGED
23:55:15.880 [main] DEBUG org.apache.hc.client5.http.impl.classic.ConnectExec - ex-0000000003 acquiring connection with route {s}->https://api.github.com:443
23:55:15.880 [main] DEBUG org.apache.hc.client5.http.impl.classic.InternalHttpClient - ex-0000000003 acquiring endpoint (3 MINUTES)
23:55:15.881 [main] DEBUG org.apache.hc.client5.http.impl.io.PoolingHttpClientConnectionManager - ex-0000000003 endpoint lease request (3 MINUTES) [route: {s}->https://api.github.com:443][total available: 1; route allocated: 0 of 5; total allocated: 1 of 25]
23:55:15.881 [main] DEBUG org.apache.hc.client5.http.impl.io.PoolingHttpClientConnectionManager - ex-0000000003 endpoint leased [route: {s}->https://api.github.com:443][total available: 1; route allocated: 1 of 5; total allocated: 2 of 25]
23:55:15.881 [main] DEBUG org.apache.hc.client5.http.impl.io.PoolingHttpClientConnectionManager - ex-0000000003 acquired ep-0000000002
23:55:15.881 [main] DEBUG org.apache.hc.client5.http.impl.classic.InternalHttpClient - ex-0000000003 acquired endpoint ep-0000000002
23:55:15.881 [main] DEBUG org.apache.hc.client5.http.impl.classic.ConnectExec - ex-0000000003 opening connection {s}->https://api.github.com:443
23:55:15.881 [main] DEBUG org.apache.hc.client5.http.impl.classic.InternalHttpClient - ep-0000000002 connecting endpoint (30 SECONDS)
23:55:15.881 [main] DEBUG org.apache.hc.client5.http.impl.io.PoolingHttpClientConnectionManager - ep-0000000002 connecting endpoint to https://api.github.com:443 (30 SECONDS)
23:55:15.899 [main] DEBUG org.apache.hc.client5.http.impl.io.DefaultHttpClientConnectionOperator - http-outgoing-1 connecting to api.github.com/140.82.121.6:443
23:55:15.899 [main] DEBUG org.apache.hc.client5.http.ssl.SSLConnectionSocketFactory - Connecting socket to api.github.com/140.82.121.6:443 with timeout 30 SECONDS
23:55:15.932 [main] DEBUG org.apache.hc.client5.http.ssl.SSLConnectionSocketFactory - Enabled protocols: [TLSv1.3, TLSv1.2]
23:55:15.932 [main] DEBUG org.apache.hc.client5.http.ssl.SSLConnectionSocketFactory - Enabled cipher suites: [TLS_AES_256_GCM_SHA384, TLS_AES_128_GCM_SHA256, TLS_CHACHA20_POLY1305_SHA256, TLS_ECDHE_ECDSA_WITH_AES_256_GCM_SHA384, TLS_ECDHE_ECDSA_WITH_AES_128_GCM_SHA256, TLS_ECDHE_ECDSA_WITH_CHACHA20_POLY1305_SHA256, TLS_ECDHE_RSA_WITH_AES_256_GCM_SHA384, TLS_ECDHE_RSA_WITH_CHACHA20_POLY1305_SHA256, TLS_ECDHE_RSA_WITH_AES_128_GCM_SHA256, TLS_DHE_RSA_WITH_AES_256_GCM_SHA384, TLS_DHE_RSA_WITH_CHACHA20_POLY1305_SHA256, TLS_DHE_DSS_WITH_AES_256_GCM_SHA384, TLS_DHE_RSA_WITH_AES_128_GCM_SHA256, TLS_DHE_DSS_WITH_AES_128_GCM_SHA256, TLS_ECDHE_ECDSA_WITH_AES_256_CBC_SHA384, TLS_ECDHE_RSA_WITH_AES_256_CBC_SHA384, TLS_ECDHE_ECDSA_WITH_AES_128_CBC_SHA256, TLS_ECDHE_RSA_WITH_AES_128_CBC_SHA256, TLS_DHE_RSA_WITH_AES_256_CBC_SHA256, TLS_DHE_DSS_WITH_AES_256_CBC_SHA256, TLS_DHE_RSA_WITH_AES_128_CBC_SHA256, TLS_DHE_DSS_WITH_AES_128_CBC_SHA256, TLS_ECDH_ECDSA_WITH_AES_256_GCM_SHA384, TLS_ECDH_RSA_WITH_AES_256_GCM_SHA384, TLS_ECDH_ECDSA_WITH_AES_128_GCM_SHA256, TLS_ECDH_RSA_WITH_AES_128_GCM_SHA256, TLS_ECDH_ECDSA_WITH_AES_256_CBC_SHA384, TLS_ECDH_RSA_WITH_AES_256_CBC_SHA384, TLS_ECDH_ECDSA_WITH_AES_128_CBC_SHA256, TLS_ECDH_RSA_WITH_AES_128_CBC_SHA256, TLS_ECDHE_ECDSA_WITH_AES_256_CBC_SHA, TLS_ECDHE_RSA_WITH_AES_256_CBC_SHA, TLS_ECDHE_ECDSA_WITH_AES_128_CBC_SHA, TLS_ECDHE_RSA_WITH_AES_128_CBC_SHA, TLS_DHE_RSA_WITH_AES_256_CBC_SHA, TLS_DHE_DSS_WITH_AES_256_CBC_SHA, TLS_DHE_RSA_WITH_AES_128_CBC_SHA, TLS_DHE_DSS_WITH_AES_128_CBC_SHA, TLS_ECDH_ECDSA_WITH_AES_256_CBC_SHA, TLS_ECDH_RSA_WITH_AES_256_CBC_SHA, TLS_ECDH_ECDSA_WITH_AES_128_CBC_SHA, TLS_ECDH_RSA_WITH_AES_128_CBC_SHA, TLS_RSA_WITH_AES_256_GCM_SHA384, TLS_RSA_WITH_AES_128_GCM_SHA256, TLS_RSA_WITH_AES_256_CBC_SHA256, TLS_RSA_WITH_AES_128_CBC_SHA256, TLS_RSA_WITH_AES_256_CBC_SHA, TLS_RSA_WITH_AES_128_CBC_SHA, TLS_EMPTY_RENEGOTIATION_INFO_SCSV]
23:55:15.932 [main] DEBUG org.apache.hc.client5.http.ssl.SSLConnectionSocketFactory - Starting handshake
23:55:15.981 [main] DEBUG org.apache.hc.client5.http.ssl.SSLConnectionSocketFactory - Secure session established
23:55:15.981 [main] DEBUG org.apache.hc.client5.http.ssl.SSLConnectionSocketFactory -  negotiated protocol: TLSv1.3
23:55:15.981 [main] DEBUG org.apache.hc.client5.http.ssl.SSLConnectionSocketFactory -  negotiated cipher suite: TLS_AES_128_GCM_SHA256
23:55:15.981 [main] DEBUG org.apache.hc.client5.http.ssl.SSLConnectionSocketFactory -  peer principal: CN=*.github.com, O="GitHub, Inc.", L=San Francisco, ST=California, C=US
23:55:15.981 [main] DEBUG org.apache.hc.client5.http.ssl.SSLConnectionSocketFactory -  peer alternative names: [*.github.com, github.com]
23:55:15.981 [main] DEBUG org.apache.hc.client5.http.ssl.SSLConnectionSocketFactory -  issuer principal: CN=DigiCert TLS Hybrid ECC SHA384 2020 CA1, O=DigiCert Inc, C=US
23:55:15.981 [main] DEBUG org.apache.hc.client5.http.impl.io.DefaultHttpClientConnectionOperator - http-outgoing-1 connection established 192.168.0.24:63070<->140.82.121.6:443
23:55:15.981 [main] DEBUG org.apache.hc.client5.http.impl.io.PoolingHttpClientConnectionManager - ep-0000000002 connected http-outgoing-1
23:55:15.981 [main] DEBUG org.apache.hc.client5.http.impl.classic.InternalHttpClient - ep-0000000002 endpoint connected
23:55:15.981 [main] DEBUG org.apache.hc.client5.http.impl.classic.MainClientExec - ex-0000000003 executing GET /repos/mozilla/geckodriver/releases HTTP/1.1
23:55:15.981 [main] DEBUG org.apache.hc.client5.http.impl.classic.InternalHttpClient - ep-0000000002 start execution ex-0000000003
23:55:15.981 [main] DEBUG org.apache.hc.client5.http.impl.io.PoolingHttpClientConnectionManager - ep-0000000002 executing exchange ex-0000000003 over http-outgoing-1
23:55:15.982 [main] DEBUG org.apache.hc.client5.http.headers - http-outgoing-1 >> GET /repos/mozilla/geckodriver/releases HTTP/1.1
23:55:15.982 [main] DEBUG org.apache.hc.client5.http.headers - http-outgoing-1 >> user-agent: Apache-HttpClient/5.0
23:55:15.982 [main] DEBUG org.apache.hc.client5.http.headers - http-outgoing-1 >> accept-encoding: gzip, deflate, br
23:55:15.982 [main] DEBUG org.apache.hc.client5.http.headers - http-outgoing-1 >> cache-control: max-age=0
23:55:15.982 [main] DEBUG org.apache.hc.client5.http.headers - http-outgoing-1 >> connection: keep-alive
23:55:15.982 [main] DEBUG org.apache.hc.client5.http.headers - http-outgoing-1 >> Host: api.github.com
23:55:15.982 [main] DEBUG org.apache.hc.client5.http.wire - http-outgoing-1 >> "GET /repos/mozilla/geckodriver/releases HTTP/1.1[\r][\n]"
23:55:15.982 [main] DEBUG org.apache.hc.client5.http.wire - http-outgoing-1 >> "user-agent: Apache-HttpClient/5.0[\r][\n]"
23:55:15.982 [main] DEBUG org.apache.hc.client5.http.wire - http-outgoing-1 >> "accept-encoding: gzip, deflate, br[\r][\n]"
23:55:15.982 [main] DEBUG org.apache.hc.client5.http.wire - http-outgoing-1 >> "cache-control: max-age=0[\r][\n]"
23:55:15.982 [main] DEBUG org.apache.hc.client5.http.wire - http-outgoing-1 >> "connection: keep-alive[\r][\n]"
23:55:15.982 [main] DEBUG org.apache.hc.client5.http.wire - http-outgoing-1 >> "Host: api.github.com[\r][\n]"
23:55:15.982 [main] DEBUG org.apache.hc.client5.http.wire - http-outgoing-1 >> "[\r][\n]"
23:55:16.017 [main] DEBUG org.apache.hc.client5.http.wire - http-outgoing-1 << "HTTP/1.1 200 OK[\r][\n]"
23:55:16.018 [main] DEBUG org.apache.hc.client5.http.wire - http-outgoing-1 << "Server: GitHub.com[\r][\n]"
23:55:16.018 [main] DEBUG org.apache.hc.client5.http.wire - http-outgoing-1 << "Date: Sun, 12 Jun 2022 21:55:05 GMT[\r][\n]"
23:55:16.018 [main] DEBUG org.apache.hc.client5.http.wire - http-outgoing-1 << "Content-Type: application/json; charset=utf-8[\r][\n]"
23:55:16.018 [main] DEBUG org.apache.hc.client5.http.wire - http-outgoing-1 << "Cache-Control: public, max-age=60, s-maxage=60[\r][\n]"
23:55:16.018 [main] DEBUG org.apache.hc.client5.http.wire - http-outgoing-1 << "Vary: Accept, Accept-Encoding, Accept, X-Requested-With[\r][\n]"
23:55:16.018 [main] DEBUG org.apache.hc.client5.http.wire - http-outgoing-1 << "ETag: W/"7cd8a903f375d7104cab557e411d598c8f39853a40ca08656cf9d0570102b7b6"[\r][\n]"
23:55:16.019 [main] DEBUG org.apache.hc.client5.http.wire - http-outgoing-1 << "X-GitHub-Media-Type: github.v3; format=json[\r][\n]"
23:55:16.019 [main] DEBUG org.apache.hc.client5.http.wire - http-outgoing-1 << "Link: <https://api.github.com/repositories/25354393/releases?page=2>; rel="next", <https://api.github.com/repositories/25354393/releases?page=2>; rel="last"[\r][\n]"
23:55:16.019 [main] DEBUG org.apache.hc.client5.http.wire - http-outgoing-1 << "Access-Control-Expose-Headers: ETag, Link, Location, Retry-After, X-GitHub-OTP, X-RateLimit-Limit, X-RateLimit-Remaining, X-RateLimit-Used, X-RateLimit-Resource, X-RateLimit-Reset, X-OAuth-Scopes, X-Accepted-OAuth-Scopes, X-Poll-Interval, X-GitHub-Media-Type, X-GitHub-SSO, X-GitHub-Request-Id, Deprecation, Sunset[\r][\n]"
23:55:16.019 [main] DEBUG org.apache.hc.client5.http.wire - http-outgoing-1 << "Access-Control-Allow-Origin: *[\r][\n]"
23:55:16.019 [main] DEBUG org.apache.hc.client5.http.wire - http-outgoing-1 << "Strict-Transport-Security: max-age=31536000; includeSubdomains; preload[\r][\n]"
23:55:16.019 [main] DEBUG org.apache.hc.client5.http.wire - http-outgoing-1 << "X-Frame-Options: deny[\r][\n]"
23:55:16.019 [main] DEBUG org.apache.hc.client5.http.wire - http-outgoing-1 << "X-Content-Type-Options: nosniff[\r][\n]"
23:55:16.019 [main] DEBUG org.apache.hc.client5.http.wire - http-outgoing-1 << "X-XSS-Protection: 0[\r][\n]"
23:55:16.019 [main] DEBUG org.apache.hc.client5.http.wire - http-outgoing-1 << "Referrer-Policy: origin-when-cross-origin, strict-origin-when-cross-origin[\r][\n]"
23:55:16.019 [main] DEBUG org.apache.hc.client5.http.wire - http-outgoing-1 << "Content-Security-Policy: default-src 'none'[\r][\n]"
23:55:16.019 [main] DEBUG org.apache.hc.client5.http.wire - http-outgoing-1 << "Content-Encoding: gzip[\r][\n]"
23:55:16.019 [main] DEBUG org.apache.hc.client5.http.wire - http-outgoing-1 << "X-RateLimit-Limit: 60[\r][\n]"
23:55:16.020 [main] DEBUG org.apache.hc.client5.http.wire - http-outgoing-1 << "X-RateLimit-Remaining: 58[\r][\n]"
23:55:16.020 [main] DEBUG org.apache.hc.client5.http.wire - http-outgoing-1 << "X-RateLimit-Reset: 1655074472[\r][\n]"
23:55:16.020 [main] DEBUG org.apache.hc.client5.http.wire - http-outgoing-1 << "X-RateLimit-Resource: core[\r][\n]"
23:55:16.020 [main] DEBUG org.apache.hc.client5.http.wire - http-outgoing-1 << "X-RateLimit-Used: 2[\r][\n]"
23:55:16.020 [main] DEBUG org.apache.hc.client5.http.wire - http-outgoing-1 << "Accept-Ranges: bytes[\r][\n]"
23:55:16.020 [main] DEBUG org.apache.hc.client5.http.wire - http-outgoing-1 << "Content-Length: 43618[\r][\n]"
23:55:16.020 [main] DEBUG org.apache.hc.client5.http.wire - http-outgoing-1 << "X-GitHub-Request-Id: 8A31:A007:3F491F:41F937:62"
23:55:16.021 [main] DEBUG org.apache.hc.client5.http.wire - http-outgoing-1 << "A660C4[\r][\n]"
23:55:16.021 [main] DEBUG org.apache.hc.client5.http.wire - http-outgoing-1 << "[\r][\n]"
23:55:16.021 [main] DEBUG org.apache.hc.client5.http.wire - http-outgoing-1 << "[0x1f][0xffffff8b][0x8][0x0][0x0][0x0][0x0][0x0][0x0][0x3][0xffffffec][0xffffffbd][0xffffffed]v[0xffffffe3]F[0xffffff96]%[0xfffffffa]*[0xffffffb8][0xffffffe9][0xffffffe9][0xffffffdb][0xffffffce][0xffffffe9][0xffffffa4][0x8][0xffffff80][0xffffffdf][0xffffffbc][0xffffffed][0xffffffae]%[0xffffffa7][0xffffffd2][0xffffffae][0xffffffac][0xffffffb2][0xffffffa4]t[0xffffffa6][0xffffffd2].[0xffffff97]*[0xffffff97][0x8][0xffffff92] [0xffffff89][0x14]I[0xffffffb0][0x1]RJ)[0xffffff97][0xffffffd7][0xffffffea][0xffffffbf][0xfffffff3][0x7f][0xfffffffe][0xffffffcc][0x3][0xffffffcc][0xffffff8b][0xfffffff5][0xffffff93][0xffffffdc]}ND[0x0][0x1][0x10][0xfffffffc][0xffffff92]H[0xffffff95][0xffffff9d][0xffffff8e][0xffffff9a][0xffffffce][0xffffffb1]H[0x2][0x11][0xffffff81]@[0xffffffc4][0xffffff8e][0xffffff83][0xffffffc0][0xffffffd9]{_~~[0xffffffb6][0xffffff88][0xffffffc6][0xffffffcf][0xffffffda][0xffffffcf]F[0xfffffff3][0xfffffff9],n[0xffffff97][0xffffffcb][0xffffffde],8[0x1a][0x6][0xfffffff3][0xffffffd1][0xffffffa2]{[0xffffffd4][0xb]'[0xffffffe5][0xffffffc8][0xffffff9f][0xffffff85]qy[0x12][0xffffffde][0x7][0xffffffe3][0xffffffb1]W[0x1e][0xfffffffa][0xffffffbd][0xffffffeb][0xffffffb0][0x1f][0x5]7~[0xffffff84]_[0xffffffc6][0xffffffbe][0x17][0xfffffffb]q[0xffffffb9]^i[0xffffffd6][0xffffffec][0xffffffa6]]y[0xfffffff6][0xffffffe2][0xffffff99][0x17][0xffffffc7][0xfffffffe]<[0xffffffbe][0xffffffda]W[0xffffff89]eQ[0x1e][\n]"
23:55:16.022 [main] DEBUG org.apache.hc.client5.http.wire - http-outgoing-1 << "^[0xffffffcc][0xffffffc6][0xffffffa1][0xffffffd7][0xffffffcf][0x15],[0xffffffbe][0xffffff8c][0x1f][0xffffffd8]\Y[0xfffffff8][0xffffffe7]?M[0xffffffbd][0xffffff89][0xffffffff]b[0xffffffec]u[0xfffffffd][0xfffffff1][0xffffffaf][0xffffffa8]i4[0xffffff9f][0xffffff8c]s[0xfffffff5]h[0xffffffdd][0xffffffb1][0xffffffb6]#[0xffffffe6][0xffffffde][0xffffffb0]|c[0x1f]U[0xffffff9c]#[0x1b][0x5][0x5][0xfffffffd]gm[0xffffffd5]5[0xffffffe8][0xffffff99][0xffffffc5]|[0x14]F[0xffffffcf][0xffffffda][0xffffff9f][0xffffff9f][0xffffff8d][0xffffffc3]a0E[0xffffff87][0xffffffdf][0xffffff8e][0xffffff82]I7[0xc][0xffffffe5][0xffffff91][0xffffff8e][0xffffffdb][0xffffffaa][0xffffffdb][0xffffff95][0x17][0xffffffcf][0xffffffa6]a[0xffffffdf][0xffffffbf][0xffffffa2]S[0xffffff9f][0xffffff9d][0xffffff9e][0xfffffffc]X[0xffffffff][0xffffffe9]og[0xffffffe3][0xffffffde][0xffffffc7]Ww[0xffffffe7][0x17][0xffffffbf][0xffffffdc][0xffffff9e][0xffffffde]~[0xfffffff3][\r]u[0xfffffff1][0xffffff8d]7[0xfffffff7][0xffffffa2]|[0x17][0xfffffff3][0xffffff97][0xffffffaa]'[0x16][0xffffffb1][0x1f][0xfffffff5][0xffffffc2][0xffffffe9][0xffffffdc][0xffffff9f][0xffffffce][0xfffffff9][0x1e].[0xffffffca][0xffffffa2][0xfffffff4]?[0xffffffdd]|SE[0x9][0xffffffc3]H[0xffffff96][0xffffffc1][0xffffffd5]P[0xffffffe7][0xffffffae][0x1b][0x0]TX\N[0x1b][0xffffffbb][0xffffffbe][0x7f][0xffffffd2][0xffffffe3][0x6][0xffffffe1]x[0x1c][0xffffffde][0xffffffe2][0xffffffdc]|S[0xffffffb3][0xffffffe3]+S|99[0x9][0xffffffad][0x12][0x7f][0x7][0xffffffd3][0xffffffe1][0xffffffee][0x5][0xffffffe0][0xffffffa4][0xffffffcf][0xffffffe5]p>[0xfffffff2][0xffffffd1]Oh>[0xffffffdd][0xffffffd6]a[0x10]o[0x1a][0xffffff98][0xffffffd9][0xffffffa6][0xfffffff0][0x9][0xffffff9f][0xffffffcb][0xfffffff4][0x1f][0xffffffdc][0xf]*"F[0x17]G~~[0x10][0xffffffe6][0xffffffe6]K[0xffffffb6][0x10]y[\n]"
23:55:16.022 [main] DEBUG org.apache.hc.client5.http.wire - http-outgoing-1 << "[0x1a]s;E;>[0xfffffff3]t[0xffffffe2][0xffffffb2][0x16][0xffffffdd][0xffffffb8][0x17][0x5][0xffffffb3]y[0x10]Nw[0xffffffea][0xffffffa1][0xffffffcc][0xffffff89](([0xffffff8c][0xffffff86][0xffffffde]4[0xffffffb8][0xfffffff7]v.[0x8]'[0xffffffc6]8[0xffffff9f][0xffffffe7][0xfffffff7].=[0xffffffcc]'[0xffffffe0]D[0xffffffff][0x6][0xffffffc3]k[0xffffffa7]3[0xffffffc5][0x19][0xffffff9f][0xffffffcb]3[0xffffffe0][0xffffff87][0xffffffd7][0xffffffbb][0xffffffa3]n[0xffffff88][0xfffffffc][0xffffff9e][0xf]0[0xffffffe9]_[0xffffffed]^Z[0xffffffee]T[0x14]6[0xffffffbf][0xffffff9b][0xfffffff9][0x18][0xffffffd0][0xffffffef]q[0xffffffc7][0xffffffa9][0xffffff87][0xffffff83][0xffffffb9][0x7f][0xffffffe5][0xfffffff5]'4[0xffffffd7][0x6][0xffffffde]8[0xfffffff6][0x7f][0xffffffd5]'[0xffffffd7][0xffffffdb]WW[0xffffffd7][0xffffffb7]'[0xffffffe7][0xffffffc7][0xffffffbf][0xfffffffc]0[0xffffff9c][0xfffffff4][0xffffffaa]'[0xfffffff7][0xffffffd7][0xffffffd7][0xfffffff7]T[0xffffff82]7[0xffffffbc]"4@)[0xffffffe9]<[0xffffffc6]][0x1f][0xfffffffa][0xfffffff3]+L[0xffffffa4]I0[0xf][0xffffffe2][0x11]~[0xffffff94][0xffffffd0][0xffffff87]3[0xffffffe4][0xffffffd1][0xffffffc9][0xffffffa4][0xffffffef]G[0xffffffde]`.+|[0xfffffff1]l[0x16][0xfffffff9][0xffffffea]P[0xffffffd1][0xffffff86][0x17][0xffffffcf]z[0xffffff91][0xffffffef][0xffffffcd]q[0xffffffc1][0x1e][0xffffff8e]z[0xffffffe6][0xffffffda][0xffffffae][[0xffffffb2][0xffffffab]%[0xffffffc7][0xffffffb9][0xffffffb0][m[0xffffffc7]nW+[0x7f]G[0xffffffa1][0xffffffb3]Ew[0xffffff8c][0xffffff8a]V[0x1c][0xffffffd5]l[0xffffffdb]U:Jbc[0xfffffffb][0xfffffff2][0xfffffff1][0x8].[0xffffff8a]*[0xffffffd7][0xffffff9d][0xffffffa6][0xffffffdb]j[0xffffffb8][0x9]x[0xffffffc9][0xffffff8f][0xffffff99]~;[0xffffffce][0xfffffff4][T[0xfffffff9][0xffffffcb]/i/h[0xffffffab]CI[0xfffffff6]_i[0x1c]L[0x17][0xffffff9f]*[0xffffffee][0x11]z[0xfffffff1]hH}[0xffffffcc]@[0xfffffffb][0xffffffac]=][0xffffff8c][0xffffffc7][\n]"
23:55:16.022 [main] DEBUG org.apache.hc.client5.http.wire - http-outgoing-1 << "[0xffffffd6]q[0xffffffbf][0xc].[0xffffffae][0xffffffc5][0x11][0xffffff83][0xffffff8b][0xffffffcb][0xffffff91]I[0xe]iu@[0xffffffc5]03[0xffffffb8]( [0xffffff95]Pm#.[0xffffffca]`[0xffffffe1]J[0x1e][0xffffffe9][0xffffffcd]f[0xffffffe3][0xffffffa0][0xffffffc7]KJ[0xfffffff9]Six[0x1f][0xffffffcc]P[\n]"
23:55:16.023 [main] DEBUG org.apache.hc.client5.http.wire - http-outgoing-1 << "[0xffffff96][0xffffffb2]9[0x1][0xffffffa3][0x8][0xffffffba][0xfffffffc]>}[0x15][0xffffffdc][0xffffffe3][0x1b][0xffffffb7][0xffffffe9]6[0x1c][0xffffffa7][0xfffffff6][0xffffffe2]Y[0x1f][0xffffff8b][0x1c]Gi[0xffffffbd]p1[0x5][0xffffffbc]9n[0xffffffb3][0xffffff8a][0xffffff88][0xffffffa6][0x10][0xfffffff1][0xffffffec][0xffffffc6][0xffffff85][0xffffffe3][0xffffffb4]k[0xffffffad]v[0xffffffd5]!,[[0xffffffcc][0xfffffffa][0xffffffcb][0xffffffa8][0xffffff98][0x1e]S[0xffffffa3]c[0xffffffba]Qx[0xb]h[0xffffffbf]J[0xffffffaa][0xffffffc9][0xffffff86]-[0xffffffdb][0x6]i[0xffffffea]t[0x15][0xffffffa9][0xffffffe9]1[0xffffffed]*[0xffffffd4][0xfffffffa][0xfffffff5][0xffffffc5][0xffffffbe]1[0xffffffb6][0xffffff86][0xb][0xffffffe2][0x0]Q`,z/[\r][0xfffffffc][0xffffffde].a,u[0xffffffb6]\i6c[0xffffffec][0xffffff91][0x17][0xfffffff7]p[0xffffffbc][0xffffffc1]Y[0x13][0x7f][0xffffff96]M[0xfffffffc][0xffffff99]>[0xffffffbb][0xffffff94][0xffffffff][0xfffffff9][0xfffffff1]g[0xe]g[0xffffffe7][0xfffffffe][0xffffffa7]yy6[0xfffffff6][0x10][0xffffffa2][0xffffffae][0xffffffc1][0xffffffd7]f[0x5] [0xffffff9a][0xffffffc7][0xffffffd6][0xffffff9a][\r][0xffffffc8][0xffffffd8][0xffffff80][0xffffffac][0xffffff8c][0xffffff9a][0xffffffbf]mde[0xffffffac][0xffffffda]?[0xffffffba]6[0xffffffb2][0xffffffe8][0xffffffda]X[0xffffff8f][0xffffffae][0xffffff83]-[0xffffffd0][0xffffffb5]^5[0x11][0xffffffac][0xffffffda][0xffffffae]0O[0xfffffff6]ah[0xffffff90]U[0xffffffdb][0x15][0xfffffffa][0xffffffed]![0xffffffeb][0xffffff8e][0x11]l[0xffffffc3][0xffffffa9]U[0x1a][0xfffffff6]2[0xffffffca]V[0xffffff9b][0xffffff8d]Z[0x15][0xffffffe8][0xffffffb1][0x7][0xffffffa0]m[0xfffffffd]SB[0xffffffd8][0x14][0xffffffb6][0xfffffff6][0xe][0xffffffb2][0x15]'[0x3][0xffffffb2][0x15]g=[0xffffffc8]~[0xffffffdc][0x5]dM[0x8][0xffffffcb][0xfffffffb][0xffffffc2][0x6]h[\r][0xffffffd0]fw9[0xffffffbe][0xffffffa4][0x10][0xffffffb6][0xffffffe2]4[0xffffffdc][0xffffff8d][0xffffffd0][0xffffffca][0xffffffb0][0xffffffb9]![0xffffff86][0xfffffffd]'C[0xffffffeb]ab[0xffffffd8][\n]"
23:55:16.023 [main] DEBUG org.apache.hc.client5.http.wire - http-outgoing-1 << "[0xffffffbd][0xffffffa9]Iw[0x8]*[0xffffffd5][0xfffffff5][0xfffffff0]:Y[0xf][0xffffffaf][0x13][0xffffffaf][0x17][0xffffffc6]%[0xffffffcf][0xffffff8b]z#[0x13][0xffffffc9][0xffffff9a]wT[0xfffffffa]+=[0x13][0xffffffc9]~A[0xffffff91][0xffffffac][0xffffffd3][0xffffffa8][0xffffffd8][0xffffffcd]:[0xffffffb0]"[0xffffffbf]_[0xffffffd0]p[[0xffffffee][0xffffffe6]@v[0xb][0xffffffb4][0xffffffad][0xffffffb9]O[0x1d][0xffffffc8][0x16]b[0xffffffd7][0xfffffffe][0xffffffc3][0xffffffd9]z[0x16]o[0xffffffeb][0xffffffeb][0xfffffff1][0xffffff96][0xffffffc2][0xffffffb3]5;[0xffffffb2][0xffffffdc]f[0xffffffb3]c`v[0xc][0xffffffb4][0xffffffed]G[0xffffffb3][0x17][0xfffffffb][[0xffffffde][0xffffff8b][0xffffffdd]m[0xffffffc7][0xffffffc0]i[0xffffffd9]U[0xffffffbb][0xffffffd1]Z[0xffffffc6]Y[0xffffffa7]RE[0xffffffae][0xffffffcd][0xffffffa6][0xffffffb0]V[0xffffff80][0xffffffe8][0xfffffffa][0xffffffb0][0xffffffb6][0xfffffff6][0xffffffe4]/[0xffffffbd]2[0xffffffa0][0xffffffb5]w[0xffffff80][0xffffffad][0xffffffba][0x19][0xffffff80][0xffffffad]"[0xfffffff6]_[0xfffffff7][0xffffffca]k[0xffffffb1][0x1e]`o[0xffffff83])[0xffffff92][\n]"
23:55:16.023 [main] DEBUG org.apache.hc.client5.http.wire - http-outgoing-1 << "[0xffffffc4][0xffffff9b]I[0xfffffff3][0xffffffa6][0xffffffcb][0xffffffbc][0xffffffe9]2Q[0xffffffec][0xffffffef]&[0xffffff8a][0xffffffdd][0xffffff90]N[0xffffffe0]T[0xffffffdd][0xffffffba]k[0x17][0xffffff84][0xffffffb0][0xffffffb5][0xffffffaa][0xffffffed][0xffffffe0][0xffffffeb][0xfffffff5]{[0xffffffb1][0x2]57 k[0xffffffe3][0xffffffa9]C[0xffffffd8][0x14][0xffffffad][0xfffffff6][0xf][0xffffffab][0xffffffd9]L[0xffffff82][0xffffffea][0xffffff86]L[0xffffff82]O[0x1b]a[0x15][0xfffffffb][0x3][0x6]V[0xffffffcd][0xffffffee][0xffffffab]HN6[0xffffffb0][0xfffffffa][0xffffffe5][0xffffffc0]j[0xffffffb3][0xffffffee]T[0xffffff9a][0xffffffcb][0x11]k[0xffffffa5]Qo[0xffffffd2][0xffffffbb][0xffffffaf][\r][0xffffffb8][0xffffffca][0xffffff98][0xffffffb9][0x12]W[0xffffffdd][0xffffffb6]m[0xffffffe3][0xffffffff][0xfffffffe][0x9][0xffffffb8]*[0xffffffe1][0xffffffea][0xffffffd7][0xf][0xffffff94][0xffffffbd][0x1b]u[0xffffffbd]q>y[0x7f]k>[0xffffff83]<][0xffffffcb][0xffffffe0][0x7][0xe]>[0xffffffa6]@y[0xffffffba]V`7[0xffffffec][0xffffffdf]![0xffffff85][0xffffffee][0xffffffab][0xffffffaf],[0xffffff91]0lY_[0xffffffa7])[0xffffffc0]/[0xffffffac]N[0xffffffb7][0xffffffee]4[0xffffff9c]F[0xffffffd3][0x1f]T[N[0xffffffe7][0xfffffff9]?[0xffffffa2][0x7f]L[0xffffffe9][0xffffffdf]W8[0xfffffffe][0xffffffaf]S$[0xffffffd7]Y[0xffffffb3]([0xffffffec][0xffffff8e][0xfffffffd]I[0xffffffac]~)YW[0xffffffdf][0x5][0xffffff91]?[0x8]?Y[0xffffffd1]b:E[0xffffffda][0xffffffbb][0x15]L[0xffffffad][0x1f]("
23:55:16.023 [main] DEBUG org.apache.hc.client5.http.headers - http-outgoing-1 << HTTP/1.1 200 OK
23:55:16.024 [main] DEBUG org.apache.hc.client5.http.headers - http-outgoing-1 << Server: GitHub.com
23:55:16.024 [main] DEBUG org.apache.hc.client5.http.headers - http-outgoing-1 << Date: Sun, 12 Jun 2022 21:55:05 GMT
23:55:16.024 [main] DEBUG org.apache.hc.client5.http.headers - http-outgoing-1 << Content-Type: application/json; charset=utf-8
23:55:16.024 [main] DEBUG org.apache.hc.client5.http.headers - http-outgoing-1 << Cache-Control: public, max-age=60, s-maxage=60
23:55:16.024 [main] DEBUG org.apache.hc.client5.http.headers - http-outgoing-1 << Vary: Accept, Accept-Encoding, Accept, X-Requested-With
23:55:16.024 [main] DEBUG org.apache.hc.client5.http.headers - http-outgoing-1 << ETag: W/"7cd8a903f375d7104cab557e411d598c8f39853a40ca08656cf9d0570102b7b6"
23:55:16.024 [main] DEBUG org.apache.hc.client5.http.headers - http-outgoing-1 << X-GitHub-Media-Type: github.v3; format=json
23:55:16.024 [main] DEBUG org.apache.hc.client5.http.headers - http-outgoing-1 << Link: <https://api.github.com/repositories/25354393/releases?page=2>; rel="next", <https://api.github.com/repositories/25354393/releases?page=2>; rel="last"
23:55:16.024 [main] DEBUG org.apache.hc.client5.http.headers - http-outgoing-1 << Access-Control-Expose-Headers: ETag, Link, Location, Retry-After, X-GitHub-OTP, X-RateLimit-Limit, X-RateLimit-Remaining, X-RateLimit-Used, X-RateLimit-Resource, X-RateLimit-Reset, X-OAuth-Scopes, X-Accepted-OAuth-Scopes, X-Poll-Interval, X-GitHub-Media-Type, X-GitHub-SSO, X-GitHub-Request-Id, Deprecation, Sunset
23:55:16.024 [main] DEBUG org.apache.hc.client5.http.headers - http-outgoing-1 << Access-Control-Allow-Origin: *
23:55:16.024 [main] DEBUG org.apache.hc.client5.http.headers - http-outgoing-1 << Strict-Transport-Security: max-age=31536000; includeSubdomains; preload
23:55:16.024 [main] DEBUG org.apache.hc.client5.http.headers - http-outgoing-1 << X-Frame-Options: deny
23:55:16.024 [main] DEBUG org.apache.hc.client5.http.headers - http-outgoing-1 << X-Content-Type-Options: nosniff
23:55:16.024 [main] DEBUG org.apache.hc.client5.http.headers - http-outgoing-1 << X-XSS-Protection: 0
23:55:16.024 [main] DEBUG org.apache.hc.client5.http.headers - http-outgoing-1 << Referrer-Policy: origin-when-cross-origin, strict-origin-when-cross-origin
23:55:16.025 [main] DEBUG org.apache.hc.client5.http.headers - http-outgoing-1 << Content-Security-Policy: default-src 'none'
23:55:16.025 [main] DEBUG org.apache.hc.client5.http.headers - http-outgoing-1 << Content-Encoding: gzip
23:55:16.025 [main] DEBUG org.apache.hc.client5.http.headers - http-outgoing-1 << X-RateLimit-Limit: 60
23:55:16.025 [main] DEBUG org.apache.hc.client5.http.headers - http-outgoing-1 << X-RateLimit-Remaining: 58
23:55:16.025 [main] DEBUG org.apache.hc.client5.http.headers - http-outgoing-1 << X-RateLimit-Reset: 1655074472
23:55:16.025 [main] DEBUG org.apache.hc.client5.http.headers - http-outgoing-1 << X-RateLimit-Resource: core
23:55:16.025 [main] DEBUG org.apache.hc.client5.http.headers - http-outgoing-1 << X-RateLimit-Used: 2
23:55:16.025 [main] DEBUG org.apache.hc.client5.http.headers - http-outgoing-1 << Accept-Ranges: bytes
23:55:16.025 [main] DEBUG org.apache.hc.client5.http.headers - http-outgoing-1 << Content-Length: 43618
23:55:16.025 [main] DEBUG org.apache.hc.client5.http.headers - http-outgoing-1 << X-GitHub-Request-Id: 8A31:A007:3F491F:41F937:62A660C4
23:55:16.025 [main] DEBUG org.apache.hc.client5.http.impl.classic.MainClientExec - ex-0000000003 connection can be kept alive for 3 MINUTES
23:55:16.062 [main] DEBUG org.apache.hc.client5.http.wire - http-outgoing-1 << "[0xffffffe5][0xffffffd6]z[0xffffffe7]M[0xfffffffb]][0xfffffffc][0xfffffff0][0xffffffb5][0x7f]4<[0xffffffb2][0xffffffde]M[0xffffffbd][0xffffff99]5[0xfffffff3]z[0xffffffd7][0xffffffde][0xffffffd0][0x7f][0xffffffde][0xffffffbe]R[0x5]X[0xffffffd6][0xfffffffb][0xffffff98][0xffffffce][0xffffffd2][0xffffffb2][0xffffffca][0xffffffac]yh[0xffffff8d][0xffffffbd][0xffffffc5][0xffffffb4]7[0xffffffb2]T[0xffffffd9][0xffffffc1]4[0xe][0xfffffffa][0xffffffbe][0xffffffe5]Y[0xffffffb1],[0xffffffb3]T[0xffffffb2][0x6]ad[0xfffffff9][0xffffff9f][0xffffffbc][0xffffffc9]l[0xffffffec]Sa[0x16]~U[0xffffff87][0xfffffff7][0xffffff91]2[0x1f][0x5][0xffffffdd][0x5][0xffffffe5][0xf]Z[0xb].[0xffffff9f][0xffffffab][0xffffffc7][0x19][0xffffffdf][0xffffff8d][0xffffffbd][0xfffffff9][0xffffffcc][0xffffffbb][0xffffffb6]P@[0xffffffcf][0xffffff9b]Z[0x3]/[0x18][[0xffffffb7] [0xffffff9b]X[0xffffff9e]([0xffffffe4][0x1f][0xffffffcf][0xffffffde]D[0xffffffe1] [0x18][0xfffffffb][0xffffffd6]4[0xffffff9c][0xffffffa3][0xffffff8e][0xffffffc5][0xffffffb4][0xffffffff][0xffffff8f]g[0xffffff96][0x1f]E87[0x18]X[0xffffffc8][0xffffffe8]O[0xffffffda][0x10][0xfffffff9]TKo[0x1e][0xffffffab]z[0xffffffff]5[0xffffffb6][0xffffffbc]n0[0xe][0xffffffe6]w[0xffffffa2],\[0xffffff87][0xffffffd7][0xffffffeb][0xfffffff9]q,N[0xffffffbb][0xffffff8b][0xffffffe7][0xfffffffe][0xffffffc4][0xffffffc2][0xffffffbf]Y[0x18]y[0xffffffd1][0xffffff9d][0xffffffd5]G[0xffffffc7][0xfffffff5][0xffffffe6]atw[0xffffff94][0xffffffb9]z[0xffffffbc]o[0xffffffe1][0x13]d[0x19][0xffffffcb][0xffffff87]S[0xffffffff][0xffffffc4]8[0xffffffcf]O[0xffffffae][0x17]w[0xffffff85][0xffffff9a][0x1c][r[\n]"
23:55:16.063 [main] DEBUG org.apache.hc.client5.http.wire - http-outgoing-1 << "Y[0xfffffffd]ED[0x17]M[0xffffffad][0xffffffc5]m9J;[0xfffffffb]b[0x14][0xffffffc4]V[0x10][0xffffffc7][0xb][0xffffff9f]/[0xffffffbf][0xffffffeb][[0xffffffb7]at[0xffffffed][0xfffffff7]-/[0xffffffa2]K[0xffffffb5][0xffffffba]w[0x16][0xfffffff8]3sur[0xffffffe7][0xffffffe2][0xfffffff4][0xffffffcd][0xffffffc9][0xffffffeb][0xffffffb7][0x1d][0xffffffcb][0xffffff9f][0xffffffde][0x4]Q8[0xffffff9d] [0xffffffe3]^[0xffffffb4][0xffffffeb][0xffffffc6][0xffffff8b][0x2][0xf]C[0xffffff81][0x1a][0xffffffe3]Y[0xffffffe3]P$k[0xffffffa2]FonuA|H[0xffffffda][0xffffff86][0x1b][0xffffff96][0xffffffb9][0xffffffbc][0xffffff91]w#/[\r]y[0xffffffe8][0xfffffffd][0xfffffff2]m[0xffffff84],[0xfffffff9][0xffffffa4][0xffffff9b]B[0xffffff8b][0xffffffc6]J;m[0xffffffef][0xffffffbf]X[0xffffff93]k[0xfffffff4][0xffffff93][0xfffffff5]?[0xfffffffe]|~[0xfffffffa][0xffffffaa]<[0xffffff9f][0xffffffcc]D[0xffffffed][0xffffffff]b[0xffffff89][0xffffff86]}[0xffffff93]|[0xffffffaf][0xffffffd7][0xffffff91][0xffffff9e]~<[0xffffff9e][0xfffffffb][0xffffffd1][0x14]y[0xffffffa4]7[0xfffffffe][0xfffffff8][0xffffffee]E[0xffffffa6][0x1d][0x13][0xffffffef][0xffffff8e].[0x1f][0xffffffbd][0xffffffdd][0xffffff97][0x3]@[0x1f]msLc[0xffffffbe][0x18]Q[0x1f]:[0xffffff8d][0xffffff86][0xffffff83][0x1c][0xffffffbe]}[0xffffff8c][0xfffffff1][0xffffffec]xD[0x19]<[0xffffffc8][0x7]Q8[0xffffffb1].%E[0xffffffe7][0x8][0x19][0xffffffc0][0x1f][0xffffffbe]V[0xffffffac][0xffffffa6][0xffffffdb][0xffffffdb][0xffffffdb]#[0xffffffed][0xffffff87][0xfffffff2]@L[0xffffff9b][0xfffffff2][0xfffffff3][0xffffffe4][0xffffffee]`.[0xffffffe1][0x1][0xfffffff8][0xfffffffc][0xffffff9d][0xffffffe5][0xffffffd8]GN[0xffffffcd][0xfffffffa][0xfffffffa]%[0x18]5H^[0xfffffff7][0xffffff9e][[0xffffffd4][0xffffff87][0x18][0xffffffb7]~[0xffffffa4][0xffffffcf][0xffffff9b][0x13][0xffffffdc]Ct>[0xffffffdf]c[0xffffffff]?[0x17]([0xffffff8e][0xffffffee][0xffffff8e]h[0xffffffc2]1[0xfffffff2]g[0xfffffff1]+[0xffffffdd][0xc][0xffffffba][0x10][0xffffff8c][0xf]Pn&[0xffffffb1]5Y[0xffffffc4][0xffffffb8]=[0xffffffb2][0xffffffff]qE[0xffffffb8][0xffffff89][0xfffffff7]~?[0xffffffdb]1[0xffffffb7][0xffffffe0]Y[0xfffffff1][0xffffffd5][0xffffffd2][0xffffffc8][0xffffffb0]0[0xffffff81]T;h[0xfffffffc][0xffffffdf][0xffffff85][0xb]k[0xffffffe2]M[0x17](U[0xe]r[0xffffffb5][0xffffffcf]k[0x5]sT[0xffffff88]Q4[0xffffffc4]\[0xffffffc2][0xffffffe9][0xffffffa0][0xffffffbe]P)[0xffffffa2][0x6][0xffffffd5][0xffffff82][0x17]V[0xffffffbc][0xffffffc0][0xffffffb4][0xfffffff6][0xffffff92])[0xffffffa3][\r][0xffffffcd][0xffffff9f]G[0xffffffc1][0x18][0xffffffad][0xffffffbb][0xffffffc5]h[0xffffffc0][0xffffffd0][0xffffffa6][0xffffffca]i[0x14][0xffffffa2]~[0xf][0xffffffd7]'z[0xffffff9e][0xffffffbe][0x18][0x4][0xffffff9f]x[0xffffffea][0xffffffcf]i$K8z[0xffffffc1][0xffffffed][0xffffffc2][0xffffff80][0x16]wk[0x10][0xffffffa0][0xffffffbf]&4A[0xfffffffa][0xfffffffe][0x1c][0x13]<[0xffffffa6]RF[0xffffffe1]-u[0x17]_[0xffffff94][0x1c][0xffffffec]\[0xffffff84][0xffffff98][0xc][0x0]-[0xffffffea][0xffffffc8]K[0xffffffbe][0x1][0xffffffa2][0x14][0xffffffd9]xNBNo[0xffffffa3][0xffffffbc]m[0xffffffa5]8\D=[0xffffffbf][0xffffffd4][0xf]{q[0xffffffe6][0xffffffb6][0xffffffce][0x1][\n]"
23:55:16.063 [main] DEBUG org.apache.hc.client5.http.wire - http-outgoing-1 << "hf[0xffffff86][0xffffffa7]v&[0xffffffba][0xffffff81]K:"[0xfffffff6][0xffffffd2]sL[0xffffffb2][0x1e][0xffffff83]S( [0x5][0xffffffc5],[0xffffffe8][0xffffffee][0xffffff89]C[0xffffffd4][0xfffffff8]%[0xffffffd8]=[0xffffffee][0xfffffff7][0xfffffffd][0xffffffbe][0xfffffffa][0xffffffa2][0x4][0xffffffb0]D8 [0xffffffc6]+[0xffffffb7][0xfffffff7]-nh[0xffffffda][0xffffffb8][0x8][0xffffff9f][0x16][0xffffffb3]#[0xffffffec]r=[0xffffffc7][0xffffffb5][0xffffff86][0xffffffe3][0xffffffde][0x8][0xffffff99]}4Xi8c[0xffffff8c][0xffffffd2][0xffffff94][0x7][0xffffff8c][[0xffffffdd]E0[0xffffffc6][0xffffff94]G/[0xffffffc9][0xffffffdf][0xffffffc4][0x15][0xffffffeb][0x18],Fr/[0xffffffc2][0xffffffa8][0xffffff8b][0xffffff8f][0xffffff82]0[0xffffffad]#[0xfffffff9][0xffffffea][0xffffffb9]D[0xffffffd6][0xffffff97]`[0xffffffa7][0xffffff84][0xffffff99])[0xffffffdb][0xffffffa3]oT[0xffffffd1]E[0x13][0xffffffb3]d[0xffffffbd][[0xffffffcc][0xffffff80][0xffffff82][0x4][0xffffffb0][0xffffff91]u[0xfffffff9][0xffffffbd]?[0xffffffb7]^aU[0xffffffa1][0xffffffe1][0xfffffffb]n[0xffffffe4]aDYo[0xffffffc3]P[0xffffffbb][0xffffffae][0xffffffdb]JOQ[0xffffffec][0xffffff82][0xffffffb0]|[0xffffffeb]w%[0x1][0xfffffff0]+[0xffffffd0]bJ [0x1][0xffffffd2][0xffffff99][0xffffffa5][0xffffff98][0xffffffcf],E83Y[0xffffffb8],[0xffffffeb]5[0xffffffad][0xf][0xfffffff4];.[0x1f][0xffffffe0]vy[0xffffffe2][0xffffffdd][0x4]}[0xffffffeb][0xffffffdb]E4[0xffffff8d][0xffffffd3]k[0xffffffd2]2[0xffffffb7][0xffffff8f][0x17][0xfffffff3]pB[0xffffff99][0xffffffe0][0x17][0xffffffb8][0xffffff91]~[0xffffff94][0xffffffce]N[0xffffffcb][0xffffffba] [0xffffffec][0xffffff9f][0xffffffa3][0xffffffd7][0xffffffbc][0x8][0xb][0xc][0xffffffca][0xfffffffb][0xffffffd9][0xffffffef][0xffffff9e]0[0x13][0xfffffff1][0x10][0xffffff97][0x0][0xffffffc8][0xffffffed][0xffffffcf][0xffffffc2][0x0]][0xffffff82]A[0xffffff8e]6[0x3][0xffffffdd]=[0xffffffeb][0xffffffd6]K[0xffffff97][0xffffff96][0xffffffc8][0xffffffc7][0xffffffea][0xffffff83][0xffffffd7][0xfffffff1]<p[0xffffffb5]n[0xffffffa3]1[0xffffffe5]YC[0xffffffb4]k[0xffffff8a][0xffffffc9][0xffffffd4][0xffffffb5]d[0xffffffff][0x1c][0xffffffa1][0xfffffffd][0x18][0xffffffee]I[0xffffffa9][0x1][0xffffffaf][0xffffffe1][0x16]&$[0xffffffdf][0x9][0xffffffd1]=[0xfffffffa][0x8][0xffffffb8][0x1d][0xffffffa1][0x0][0xffffffb1]x[0xffffffaa]u[0x15][0xffffff97][0x1a][0xffffffd3][0xffffffa8][0xfffffffd][0xffffffef][0xffffffff][0xfffffff5][0x7f][u[\r][0xffffffb7][0xfffffff4][0xffffffbb][0xffffffe9][0xfffffff5][0xfffffffb] )[0xffffff85]So[0xffffff8c])[0x7][0x2][0x1b][0xf][0xffffffb3]0[\n]"
[...]
23:55:16.113 [main] DEBUG org.apache.hc.client5.http.wire - http-outgoing-1 << ")J[0xffffffd7][0xffffffad][0xffffffb6]Y[0xffffffdf][0xffffff82][0xffffffe4]i[0xffffff99][0xffffffe7]D[0xfffffff2][0xffffffd2][0xffffffe8][0xffffffcf][0xffffffb4][0xc]o[0xffffffa4][0x2]![0xffffffe2]hw[0x1c]/[0x12][0x8]![0x1c]W[0xffffffaa][0xffffff87]j=[0xffffffae][0xffffffd6][0xffffffe3]j=[0xffffffbe]7[0xfffffffd][0xffffffd9]j6[0xfffffff5]zN[0x2]K]o[0x19]M[0xffffffb3][0x18][0xffffffc3][0xffffff91][0xffffffc5][0xffffffb2][0xffffff81][0x0][0xffffffbd][0xffffffc0][0xfffffff9][0xffffffa4][0xffffffcc]sbxi[0xffffffa2][0xffffff87]"[0x14][0x0]J[0xffffffe2][0xffffffb7][0xffffffa8]([0xffffffca][0xffffffd3]YEQT[0xffffff98]![0xffffffd0]I[0xffffff82][0x6][0x13][0x11]@[0xffffffb7]`[0xffffff92]HE[0xffffffb2]D[0xffffffd2][0xffffffc8][0xfffffff0]Kb[0xffffffa0][0xffffff9c][0x10][0xffffffb5]C[0xffffffb2]=[0xffffffc0]C[0x1][0xffffffdb]&e[0xc],H*[0x8][0xffffffdd]#[0xffffffda][0xffffffcc][0xffffffbc][0x7][0xffffffd0][0xffffffe9][0xffffff88]T [0xffffffb9]IDeY[0xfffffff0]X2qp[0xfffffff6][0xffffff80]Gp[0x1c]_4#b[0x12][0xffffff80]g7[0xffffff8e]3M1[0xffffffa1]d[0xfffffffc]8[0xffffffbb][0xffffff8e][0xffffffe7][0x13][0xffffffa2][0xffffffd9]e[0xffffffe8][0x1b][0xffffffda][0x15]([0x7]D6[0xfffffff0][0xffffffae]D[0x4][0xfffffffc][0xffffffaa][0x1f][0xffffffb8][0xffffffd3]+[0xffffffa6][0xffffffea]%d[0xffffff84][0x18][0xffffffa4][\r]f#[0xffffffac]q&^[0xffffffcf][0xffffff88]o[0xffffffc2],-X[0xffffffc0][0x7]![0xffffff91][0xffffffcd][0xffffffa8] [0xffffffba]N[0xffffffb1]zD[0xffffffee]A[0xffffffaa][0xffffffe9]D[0xffffffee][0x1d][0xffffffa2][0xffffffe8][0x1c]7[0x1f][0xffffffbb][0xffffffcc]>q[0xffffffb3][0xfffffffc][0xffffff85][0xffffff9f]"w<v#[0xffffff9c][0xfffffff1]@[0xffffffd1][0xfffffffe][0xffffff84][0xffffffc1]s[0x14][0x1b]o[0xffffffab][0xffffffee][0xffffffe0][0xffffff89][0xffffffa0][0xffffffb8][0xfffffff1][0xffffffb1]"[0xffffffe8][0xffffffa2][0xffffffc2]r"[0xffffffe8]Ku[0x1f]?[0xffffff82][0xffffffde]Z[0x4][0xffffffd0]EK*[0xffffff80][0xffffffae][0x2][0xffffffe8][0xfffffffb][0xffffffbc]~U[0x0][0xfffffffd][0xfffffffb][\n]"
23:55:16.113 [main] DEBUG org.apache.hc.client5.http.wire - http-outgoing-1 << "[0xffffffa0][0x1b][0x17]7o[0xffffffed][0xfffffff3][0x1b][0xffffffce][0xfffffff3]Y[0xe][0xffffffa0][0xb][0xffffffa8](/~[0xffffffee]T,[0xffffff98]x;m[0xffffffa3][0xe][0x19][0xffffffc8][0xffffff8d][0xfffffff1]sQ[0xffffffaa][0xffffffd1][0xffffffb6],[0xffffffb8]}[0xffffff97][0x13]?7Zf[0xffffffdd][0xffffffb0][0x12][0xffffffc5][0x19]y[0xffffffb4][0xfffffffd][0x13][0xffffffef]m[0xfffffffd][0xfffffffc][0xffffffe6][0xffffffd3][0xffffffc3][0xfffffff9]S[0xffffff81][0xffffffe2][0xc][0xffffff86]P[0xffffff85][0xffffffcf]U[0xfffffff8]\[0xffffff85][0xffffffcf]U[0xfffffff8][0xfffffffc][0xffffffb0][0xfffffff0]9rY[0xffffffc1][0xffffffb6][0xffffffc6][0xffffffe7][0xffffffdc][0xffffffaa]N[0xffffff81][0xffffffa3];[0xfffffff9]![0xffffff97][0x4]UMkc[0xffffff96][0xffffff94][0xffffff9e]-S[0xffffff96][0xffffffbf][0x14][0xffffffa0]o5z[0xffffffbe][0xffffff8e][0xffffff86]G[0xffffff8c][0xffffffb7][0x8][0xffffffd8]N[0xffffffe2]-[0xfffffff2]hw[0x10]/[0x8][0xffffff9e]S[0xffffffb7]U[0xffffffec]\[0xffffffa1][0xffffffb8]Bq[0xffffff85][0xffffffe2][0xffffff87][0xffffffa1]8[0xffffffb4][0xffffffc1][0xffffffa0][0xf][0xffffff96][0xffffff97][0xffffffec][0xffffffda][0xffffff82][0xffffffc4][0xffffffaf][0xffffff91][0xffffff9b][0xffffffee][0xffffff9a][0x5]i[0xffffffb1][0xfffffff0][0xffffffcd][0xffffff89][0xffffff9d]g[0xffffff80][0xffffffdc][0xffffffe2][0xffffffa8]L[0x9][0xffffffbb]u[0x1b][0xffffff80][0xffffffbc][0xffffffbc][0xffffffc8]9a[0xffffffb7]if[0xffffff97][0xffffffe3]8[0xffffffda][0x11][0xffffffc9][0x1f][0xffffffcf]o[0xffffffb6],[0xffffffc7][0x11]'[0xffffffaa][0xffffffe2][0xffffff9b][0xffffffa6]:z[0xffffffc2]p[0x5]n[0xffffffcf][0xffffffa3]I[0xffffffcd][0xffffffcc][0xffffff84] t[0x7]^[0xfffffff4][0xffffffa2][0xfffffffd][0xffffffe5][0x5][0xffffff92][0xffffff94][0xfffffffc][0x9][0xfffffffe][0xfffffffc][0x1a][jcJ[0xffffff95]I[0xffffffb7][0x8]([0xfffffff3][0x0]w[0xffffffb2]n[0xffffffac][0xffffff84][0xfffffff2][0x7f]v~[0xfffffff9][0xffffffcb]E[0xffffffd0][0xffffffbf]y[0xfffffffb]xy[0xfffffffa][0xffffffe9][0xffffffe1][0xfffffff2][0xfffffff5][0x1f][0xffffffe9]s[0xffffffca][0xffffffbd]C[0xffffff92]P[0xffffffb4]j[0xffffffda][0xffffffc2][0x7f][0xffffff8c][0xffffffab]B3[0xffffff80]ro([0xffffffcf][0x16][0xffffffe9]?U$[0xffffffd9][0xffffffd4][0xffffffe6]5Q[0xfffffffb][0xffffff9f][0xffffffee][0xfffffffe]HZ[0xffffffc6]H[0xffffffba][0x15]uP[0xffffffbb][0xffffffdc][0xffffffcb]h[0xffffffdf]g[0x10]'][0xffffffcf][0xffffffc6][0xffffffab][0xffffffd6]1J[0xffffffb1]@)[0x16]([0xffffffc5][0xffffff82]=[0xffffffe5][0xffffffd8]u0Y[0xffffff9b]9![0xffffff97]F[0xffffffbd]e[0xffffff9b][0xffffffc5] n[0xffffffdb][0xffffffed]:[0xffffffb3][0xffffffff][0xb]@<-[0xfffffff3]| [0xffffff9e][0x1][0xffffffc3]#/[0xffffffc5]m[0xffffffdb][0xffffffc4][0xffffffd5]2\[0x2][0xffffffce]q[0xffffffb4]#[0xffffff80]C5[0xffffffec]l[0xffffffb3][0xffffffe4][0xc]-[0xffffffc5]U[0xffffffc4]\E[0xffffffcc]U[0xffffffc4]|[0xffffff9f]-[0xfffffffb][0x7f][0x11][0x6][0xffffffeb]6[0xffffffc5][0x19]S7[0xffffffeb]:[0xffffff94][0xb]W[0xffffffb7]RZ[0x16]\[0x2][0xffffff8b]6S[0xffffffc4][0xffffffe6]3oQo[0xffffff84][0xffffffef][0xffffffcc][0x6][0xfffffff5][0xfffffff3][0xffffffc1]wY[0xfffffff1]r[0xffffffb1][0xfffffff3][0x7f][0xffffffbc]p[0xffffffb9][0xffffffa8]/On[0x6][0xffffffea].[0xffffffd0]o[0x10]*[0x1][0x8] [0xffffff93]R[0xffffffc1][0xffffffaa][0xffffffaa][0xffffffc4][0xffffff8a][0xfffffff6][0xffffff88]T[0xffffffc1][0xffffff80]x[0xffffff82][0xffffffd0][0xffffffa3]A[0xffffffa8];I[0xffffffbc][0x16][0x15]P`[.[0xffffffdc][0xfffffffd]>g[0xffffff9d]C)[0x2][0xffffff89][0xffffffe0][0xffffff9c][0x1e][0xffffff9f][0xffffffa8],$[0xffffffa7]L]$[0xffffff9b][0xfffffffb]Cd[0xffffff88][0xffffffa7]Y[0xffffffde]#[0xffffffff][0xffffffce][0xffffff83].[0x0]4[0x17][0xffffffa2]0[0xffffff8e]+Rl[0xffffff81][0xffffffc2][0xffffffdb][0xffffff89][0xffffffc8][\r][0xffffff85][0xffffffe3]_[0x7f]8[0xffffffbf]kh/[0xffffffff][0xfffffffc][0xffffffe3][0x9][0xffffffeb][0x2][0xffffff9c]q[0xffffffab][0xffffffb8][0x18][0xffffffd6]Tx[0xffffff93][0xffffffa4][0xffffffec]WzP:@|[0x1f]A3$[0xffffff92][0xffffffa7]Z[0xb][0xffffffcb][0xffffffa7]@)[0xffffff80]4R*w[0xfffffff4]?,[0xffffff91]R[0xffffffa9][0xffffffe0][0xb]D{[0xfffffff7][0xfffffff6][0xffffff97][0xffffffb7][0xffffffef][0xffffff84]^[0x5][0xffffffe7][0xfffffff2][0xfffffffb][0x13][0xffffffe2][0xffffffe5]a[0xffffff84]X3[0xffffff84][0xffffff94][0xc][0xffffff84][0xfffffff2]@[0xffffffd2][0xfffffff4]O[0xffffffde]L{[0x1b][0x8])[0xffffff81][0xfffffff7][0xffffffc8][0xfffffff2][0xfffffff7]"H/x[0xffffff93][0xffffffc1]4[0xffffff84][0x6]HR[0xffffff88][0x12][0xffffffd5]Q[0xffffffbf][0xffffffcc]Q[0x17][0xffffffb5]k[0xffffff90].`A[0xffffff82]~8[0x15][0xffffffda]8[0x13]b[0xf][0xffffff88][0xfffffff1]e[0xffffffc9][0xffffff98]T[0xe][0xffffff81][0xffffffc6][0xffffff90][0xffffffe1][0xffffff84]%[0x11]r4A. w[0xffffff80][0xf][0xffffff9a][0xffffff89][0xffffffb0]v[0xc]q[0xffffffea]9[0x4][0x1c]0[0xffffffbc]`[0x9]P[0x1e]>[0xffffffa2][0xfffffffe][0xffffffa8][0x11][0xffffff8c][0x0][0x12][0x15][0xffffffc9][0xffffffd0][0x13][0xffffff98]8[0xffffffc1][\n]"
23:55:16.114 [main] DEBUG org.apache.hc.client5.http.wire - http-outgoing-1 << "[0xe][0xffffffd0][0x1b]H[0xfffffff4]IHt"U?[0x0][0xffffffb9][0x0][0x17][0xffffffe3]M[0xfffffffa]h[0xffffffb6][0xffffffa2][0xffffff9d][0xfffffffb]$HDr[0xf]b[0xffffffd6]H[0xffffff82][0xffffffc1][0xffffff82][0xffffff84]@[0x17]*[0x5][0x12]X.[0xffffffe0][0xffffff83]'T[0xffffff8d]\h[0x2][0x9][0xffffffad][0x5][0xffffff92][0xffffffab]`BCE[0xffffffcb][0xffffffa8][0x1e][0xffffffb9][0xffffffd0][0xb][0xffffff82][0xffffffe0][0xffffff85]Gw[0xffffffe0]%[0xffffffe9][0xffffffd2]@[0xffffffe8][0xffffffe2]84[0x4][o[0x1a][0xffffffad]#[0xffffff9a]QZ[0xffffffa2][0xffffffc2]rh[0x8]Ku[0x1f][0xffffff9f][0xffffff86][0xffffffd0]\[0xffffffd0][0x10]DK[0xffffff8a][0xffffff86][0xffffffa0]h[0x8][0xfffffffb][0xffffffac]i[0x14][\r][0xffffffe1][0xfffffffb][0xffffffa2]![0xffffffe8][0xffffffe7][0xffffffa7][0xffffffa3][0xffffff87][0xffffffcb]</J[0x1][0x15];[0xffffffd0][0x10][0xffffffc0][0xffffffcb][0x13]e[0x7][0xffffff91];[0xffffff9c][0xffffffbd]h[0xf][0xffffffdd] [0xfffffff6][0xffffffe0],[0x19]A[0xffffff84][0xffffff89][0xffffffed][0xffffff85]_[0xffffffb4]g[0xffffffd1][0x1c][0x7f][0xffffffc9][0xffffffa1][0xffffffb7]#[0xffffffa7][0xffffffb4]A\[0x4][0xffffffab][0xffffffd5][0xffffffae][0xfffffff3]Fj[0xffffff9e][0x1f]%[0xffffffb6]d[0xfffffff5]V[0xffffffc7]0[0x11]Xk[0xffffffeb][0xffffffbc][0x1c]<~.?1[0xffffffd5][0x1c][0xffffffb3][0xffffff95]|;[0xffffff8b][0xffffffa3][0x1d][0xffffffbe][0xffffff9d][0xffffff89][0xffffffc2]a[0xffffff9e][0xffffffdf][0xffffffdc]n[0xfffffff8]v[0xffffffe6][0xffffffa1]I[0xffffffa3]X[0xffffffd9][0xffffffbd][0xffffffcf][0xffffffc9]<[0x8][0xfffffff2]w?o[0xfffffff0][0xffffff86][0xffffffbd]v[0xffffffc7][0xffffffb2]+&d[0xffffffbf]W[0x1d][0xffffffd5][0xffffff92]][0xffffffcf][0xffffffb3][0xfffffffa][0xffffffc5][0xffffffe9][0xffffffc8][0xffffffbc][0xfffffff8][0xffffff86]]OQ[0xfffffffb]7[0xffffffec]z.:[[0xffffffbc][0xffffffdb][0xffffffb9]('t[0xffffff98]`8[0xffffffbd][0xffffffba]A;[0xfffffff5][0xffffffe5][0xffffffe6][0xffffffac][0xffffffd8][0xffffff91][0xffffffc5][0xe]m\[0xffffff93][0xffffffa7][0xffffffd5][0xffffffd2][0xffffff93]0*[0xffffffa9][0xffffff90][0xffffffd3][0xfffffffe][0x15]`[0xffffffd9][0xfffffff1][0xffffffa5][0x16]b1[0xffffff85][0xffffffdd]a[0xffffffd4][0xffffffff][0x15][0xffffffb5]Q2[0xffffffcf]^][0xffffffe1][0x13][0xe][0xffffff8d]I%[0xffffffd7]s<[0x18]Mk[0xffffff9c][0xfffffff7][0xffffffe2]~[0xffffffe4][0xb][0xffffffe1]@\W[0x18][0xffffff8d][0xffffffdc][0xffffff89][0xffffffff][0xffffffc4][0xffffff8b]"
23:55:16.114 [main] DEBUG org.apache.hc.client5.http.wire - http-outgoing-1 << "[0xffffffc9][0xffffffbd][0xffffffae][0xf]'[0xffffffc6]8[0xffffff9f]W[0xffffff9b][0xfffffffb][0xffffff8c][0xfffffff0][0xfffffffe]_[0xffffffbb]I[0xffffffd7]=,[0xfffffffc]iH[0xffffffa7][0xffffff90][0xe]s[0xfffffffb][0xffffff8f]tW[0xffffffa0] [0xffffffe5][0xffffffe1]{`p%~[0xffffffdb][0xffffffaf][0x1f]K[0xffffffa7][0xffffffa2][0xffffffb2][0xffffffd9]#[0xffffffb3][0xffffffbc][0xffffffc1][0xf][0xffffff8e]p[0xffffff84]%[0xffffffb4]w[0xffffffe5][0xe][0xffffffc6][0x14]i`[0xffffffa8][0xfffffffa][\n]"
23:55:16.114 [main] DEBUG org.apache.hc.client5.http.wire - http-outgoing-1 << "d[0x12][0xffffffa1][0xffffff80][0xffffffc3][0xffffff92]z[0xffffffcc][0xffffff96]c[0xffffffe6][0xffffffe4]g:[0xffffffb6][0xffffffb1][0xfffffff1][0xffffffeb][0xffffff96][0xffffffe0][0xffffffcc][0xffffffc2][0xe]][g[0x1a]@[0xffffffee][0xffffffd7]mZF[0xffffffd8][0x1e][0xffffff94][0xfffffff0]u[0xb]hZ[0xffffffa2][\n]"
23:55:16.114 [main] DEBUG org.apache.hc.client5.http.wire - http-outgoing-1 << "[0xffffffac][0xffffff81][0xffffffd5]1[0xfffffff7]&[0xffffff81][0xffffffa8][0xffffff96][0xffffff99][0xffffffd2][0x4][0xffffffc4][0xffffffd1][0xffffff8e][0xfffffff8][0xfffffffa]t~[0xffffffb3][0xffffff89]& [0xffffffba]|[0xfffffff9][0xfffffff1]/Kq[0xffffffa5][0xffffffcd][0xffffffd8][0xffffffaa]"K{[0x7][0xffffffb2][0xe][0xffffffc7][0xffffffde][0xffffff95][0xffffffc1][0xffffff96][0x15]}[0xb][0x6][0xffffffaf][0xffffffd6][0xfffffff8]MX[0xffffffbc]Z[0xffffffd9][0xfffffff1]0y[0xffffffad][0xffffffe6]o[0xffffffc5][0xffffffe6][0xffffffd5][\n]"
23:55:16.114 [main] DEBUG org.apache.hc.client5.http.wire - http-outgoing-1 << "[0xfffffff7][0xffffffc5][0xffffffe8][0xffffffd5][0xfffffff3][0xfffffff7][0xffffffc7][0xffffffea][0xffffffd5][0x1a][0xffffff8e][0xffffff83][0xffffffd9][0xffffffab][0xffffffb5][0xffffffae][0xffffffc0][0xfffffffe][0xffffffb7]b[0xfffffff7]Ce[0xffffffab][0xffffffd5][0xffffffaf][0xffffffde]0[0x1c][\n]"
23:55:16.115 [main] DEBUG org.apache.hc.client5.http.wire - http-outgoing-1 << "[0xffffff92][0xffffffac]nNb[0xffffffcb][0xffffffb2][0xffffff95]k,[0xffffffb6]X[0xffffff8c]6[0xffffffda][0xffffffe6][0x6]9[0xffffffec]l[0x19][0xffffffbb],[0xffffffaf][0xffffffdf]|[0xfffffff4][0xffffff96]Pxl[0xffffffe4][0xffffffb6][0x12][0xffffff87]_Z'[$G[0xffffffb0]-[0xffffffa1][0xffffff9e][0xffffffc9][0xffffffcd]O[0xffffffe7]O[0x5][0xe][0xffffffbf][0xffffffb4]4[0xffffffc6][0xfffffffe][0xffffff97]eV[0xffffffc5][0x16][0xffffffb2]d[0x5]([0xfffffff4]^!?[0xffffffec][0xffffffb5]b^}[0xffffffa4][0xe]^9[0xffffffe7]W[0xffffffa4][0xffffffd0]{[0xffffffff][0xffffff95][0xfffffff5][0xffffffea]H*[0xfffffff4][0xffffffde]i[0xffffffe5][0xfffffffd]P[0x1],p[0x1c][0x0][0x1a][0xffffffb4][0xffffffb1]7[0xffffffa0][0xffffffb5];[0xfffffff6][0xfffffff3]i)/IC[0xfffffffc]'VIi[0xffffff82][0xffffff96][[0xffffffcf][0xffffff89]1[0xffffff99][\r][0xffffffbb][0xffffff9e][0xffffff9f][0xffffff94][0xffffff99][0xffffffee])[0xffffffb4][0xffffffda][0xffffffc6][0x6][0xffffffcb][0xfffffff6][0x5][0xffffff8c]CC[0xffffffb0],[0xffffffbe][0xffffffee]*[0xffffff8c][0xffffff8b][0xffffffdd][0xffffff94][0xc].~[0xfffffffd][0xffffff9d][0x12]D[0xffffffa2]o[0xffffffc9][0xffffffa0][0xffffff94][0xffffffa7]S[0x6][0xffffffa5][0xffffffd8][0xffffffa9]9^[0xffffff88]I[0xffffffd4][0xffffff97][0x1b]b"[0xffffffb9]e-[0xffffff9e]z}[0x7f][0xffffffc8][0xffffffd1][\r]7[0xffffff8a]\[0xffffffa8]{[0xf]3[0xffffffb9][0xffffff8d][0x8][0x1b]d[0xffffffa5][0xffffffbe][0xffffff85][0xffffffb8]<[0xfffffffe][0xffffff94][0xfffffff1][0x1]X[0xffffff92][0xffffff99][0xffffffcf][0xffffffc4][0xffffffa4](|[0xfffffff0][0x1e][0xfffffffb]@[0xffffff94][0x1f][0x9][0xffffff89][0xfffffffd][0x19]v[0xb]D[0x12][0xffffffe5][0x5][0x2][0x10][0x1f]I#|aX[0xffffff90][0x13]/[0x11]y[0xffffffa3]$l[0xffffff8c][0xfffffff0][0xffffffc4]L[0xffffffa8][0xfffffff4][0xffffffa3]7W[0x19]m[0xfffffff2]+[0xffffff8e]w@x^[0xffffffa6]Ej[0xffffffe3][0x10]:[0xffffffce][0xffffffde][0xffffffc3]5[0xffffffc4][0xffffffb3]g[0xfffffff8]8[0xffffffa5][0xffffff9f][0x7f][0xffffff9e]#M4[0x9]jq[0xffffff96][0xffffffe5][0x0]{^[0xffffffec][0xffffffab][0xffffff80]lL[0xffffffd1][0xffffff8b][0xffffffad]![0xffffff96]L[0xffffff81]4[0xffffffd8][0xffffffc2]&[0xe]+*[0xffffffd9][0xffffff90][0xffffffcb][0xffffff86][0xffffffc6]8v[0x1f][0xffffffe8][0xffffff84][0x1f][0xffffffcf]p[0xfffffff0]8[0xffffffa5][0xfffffff0][0xffffff94][0xffffff90][0xffffff99][0xffffff86]<v[0x1c]C[0x18][0xffffff9a][0xffffffd3]G[0x13][0x9]k[0x8][0xffffffa3][0xffffff87][0x11][0xffffffca][0x1f]'[0xffffff92]b[0xffffffd4][\r][0xffffff87]-[0xffffff8d][0xffffff8e][0xffffff95][0xffffffd0])*,'[0xffffff92][0xffffffb2]T[0xfffffff7][0xfffffff1]#)[0xffffff8d]jb[0xffffffb0]j[0xffffff89][0xffffff96]T$EERT$[0xffffff85]wmW[0x17]<[0xffffffdf][0xffffffd3][0xffffffe7]f[0xfffffff6][0xffffffbb][0xffffffa7][0xffffffef]|[0x1a][0xffffffff][0x12][0xffffffff][0xffffffe7][0xffffffaf]?>[0xfffffffd]g[0xffffffe7][0xfffffffc][0xffffffe1][0xffffffa2][0xfffffff3][0xffffffd6][0xffffff94][0xffffffc6]m[0xffffffcb][0x9][0xffffff9d][0x2]*v[0xffffff8b][0xffffffa4][0xffffff88][0xffffffb2][0x7]DR[0xffffffec][0xffffff8a][0xffffff89]H[0xffffff8a][0xffffffdd]6[0xffffff9a][0x8][0xffffffa6]l[0xffffff8c][0xffffffa4][0xffffffd4]+[0xffffffba][0xffffffd5]1[0xffffffa1]1[0xffffffd1]l[0xffffffdb]eER[0x1c][0xffffffab]^[0xffffffd7][0x13][0xffffffb9]xC[0x1c][0xffffffed][0xfffffff0][0xffffffbd]h[0xffffff9e]?}2[0xffffffce]O[0xffffffb3][0xffffffc6]w[0xfffffff7]p[0x12][0xffffff88]+z[0x15][0xffffff83][0xffffffb2]g[0xc]ee[0x6][0xffffffe2][0xffffff95][0xffffffa5][0x18][0xffffffe4][0xfffffff0]w[0xffffff98][0xfffffff7]2[0xffffffb1][0xffffff95][0xffffffd5][0xffffffa7]T})f[0xffffffb7][0xffffffe9]v[0x9]9[0xffffffac][0xffffff8e]`[0xffffffac][0xfffffff6][0xfffffff9]jn^[0x18]ou[0xffffffa0][0xffffff8e][0xffffffbc][0xffffffcf][0xffffffb7]u[0xffffff97][0xffffffcf]h[0xffffffb5],=Gx[0xffffffad]^o[0xffffffe5][0xfffffff3][0xffffffc7][0x5]N[0xffffff9a][0xffffff84][0xffffffa6][0xffffffc6]&[0xffffffc9][0xffffff9e]L[0x19][0xffffffab][0xffffffac]M> _m[0x3][\n]"
23:55:16.115 [main] DEBUG org.apache.hc.client5.http.wire - http-outgoing-1 << "[0x1e]s[0xffffff8b][0xf] m8Y[0xffffffc8][0xffffffc6][0xffffffd1][0xffffff8e][0xffffff90][0xfffffffd]p!4[0xc][0xffffffa4][0xffffffd5]t[0xffffffb6][0xffffffb3]*,[0xffffffa3],J[0xffffffaf]|[0xffffff95][0xfffffff0][0xffffffa3][0x12]~[0xffffff96][0x13]~v[0x9][0xffffffcb]8[0xffffffc8][0xffffffdd][0x4]4[0xffffffaf][0xffffff86]e,cC[0xffffffd6]f[0xffffffba][0xffffffb0]u[0xffffffda][0xfffffff6][0xffffffa6][0xffffffa8]LZ[0xffffffa6][0xffffffd1][0xffffffd6]Y[0xffffffd2][0xffffffa4][0xffffff84][0xffffff98][0xfffffffa]*`[0xffffff97][0x11][0xffffff8f][0xffffffd1][0x1d][0xffffffe4][0xfffffff6]$KZ[0xffffffec]|[0xffffffe2]h[0x7][0xffffffb0][0xffffffb6][0xffffffcf]O[0xffffffff][\n]"
23:55:16.115 [main] DEBUG org.apache.hc.client5.http.wire - http-outgoing-1 << "[0xffffffa6]W6[0xffffffcb]G[0xffffff80]5v[0x5]i[0xffffff81][0xffffffad]"1[0xffffffca]S[0x1a][0xffffffd4]&[0x5][0xffffffd8]{[0x10]<[0xffffffbf][0xffffffa7][0xffffff8d][0xffffff8d][0x2][0xe][0xffffffd4]>[0xffffff91][0xffffff98]FSo[0xffffff98][0xffffffb9]K[0xffffffed][\r][0xffffffc8][0xffffffcd][0x14]Pbv[0xffffffda][0xffffff9b][0xffffffd5]13e[0xffffff8c][0xfffffff2][0xffffff91]{[\r][0x10][0xffffff8f][0x1b][0xffffff82][0x11][<[0xffffffc7][0xb][0xffffffc1][0xffffff88][0xfffffffa]rC0H[0xffffff8c][0xffffff91][0xffffff9e][0xffffffcd][0xffffff94]I[0xffffff82][0xffffffd0][0x0]9dR|@[0xffffffd8][0x7f][0xffffff92][0xffffffa0]%;[0xffffffe5]z[0xffffffb0][0xfffffff8]M[0xffffffbd]!I[0xffffffaf][0x12][0xffffff86][0xffffff90][0xffffffc4][0x1b][0xffffff84][0xffffffa9]j8D[0xffffff84]f[0x1c]JSh[0xffffff8e][0xffffffe9] hr[0xffffffe7][0xffffffb3][0xfffffff7][0xffffffb3]0$[0x16][0xfffffff6][0xffffff90]^[0xffffff90]F,2[0xffffffa2][0xffffff9c][0xffffffaf][0xfffffff9][0xc][0x4]v[0xffffffb8]<",py<{[0x7f][0xffffffe7][0xffffff90][0x0]'[0xffffff85][0xfffffff5]V[0xfffffffc]V[0xffffffff]##[0xffffffd1])[0xffffffd3]Y[0xffffffe8][0xffffffa4][0xffffffeb][0x10]~[0xffffffa8][0xffffffee]h[0xffffff82][0xffffffff]A:[0xf][0xffffffe5] [0x5][0xfffffff4][0xffffffa7][0xffffff95][0xffffff93]9V[0xffffffd3][0xffffffe5],[0xffffff9d]7D[0xffffffe8]{[0xffffff98][0xffffffbd]OcC][0xffffff8d][0xffffff99][0xffffffc5][0xfffffffd]]c-[0x1f][0xffffffff]6wa|I[0xffffff99]0}[0xffffff98][0xffffffbc]:[0xffffffda][0xffffffbd][0x1b]Mp[0x9][0xffffffdc]a1z[0xffffffb0][0xffffffe4][0x1c][0xffffffb4][0xffffffdb][0x8]Vy.[0xfffffffe]7[0xe]<o[0xfffffffa]r0[0xffffff8f][0xffffffda][0xffffffda][0xffffffe9]\xv[0xffffff9f][0xffffffc0][0xffffffbc][0xfffffff7][0xffffffc5][0xffffffd7][0xffffffdf][0xffffffff]?D[0xffffffb5]KF[0xffffffb9][0xfffffffd][0x5][0x0]"
23:55:16.116 [main] DEBUG org.apache.hc.client5.http.impl.classic.InternalHttpClient - ep-0000000002 releasing valid endpoint
23:55:16.116 [main] DEBUG org.apache.hc.client5.http.impl.io.PoolingHttpClientConnectionManager - ep-0000000002 releasing endpoint
23:55:16.116 [main] DEBUG org.apache.hc.client5.http.impl.io.PoolingHttpClientConnectionManager - ep-0000000002 connection http-outgoing-1 can be kept alive for 3 MINUTES
23:55:16.116 [main] DEBUG org.apache.hc.client5.http.impl.io.PoolingHttpClientConnectionManager - ep-0000000002 connection released [route: {s}->https://api.github.com:443][total available: 2; route allocated: 1 of 5; total allocated: 2 of 25]
23:55:16.163 [main] DEBUG io.github.bonigarcia.wdm.WebDriverManager - Driver to be downloaded geckodriver 0.31.0
23:55:16.172 [main] INFO io.github.bonigarcia.wdm.WebDriverManager - Exporting webdriver.gecko.driver as /Users/marian/.cache/selenium/geckodriver/mac64/0.31.0/geckodriver
]]></system-out>
    <system-err><![CDATA[Jun 12, 2022 11:55:18 PM org.openqa.selenium.remote.ProtocolHandshake createSession
INFO: Detected dialect: W3C
]]></system-err>
  </testcase>
</testsuite>