<?xml version="1.0" encoding="UTF-8"?>
<!-- Generated by org.testng.reporters.JUnitXMLReporter -->
<testsuite ignored="9" hostname="Marians-MacBook-Pro.local" failures="0" tests="1" name="Regression1" time="6.026" errors="0" timestamp="2022-06-12T23:55:21 CEST">
  <testcase classname="BasicTests.LogInPageTests" name="goToLogInPageTest" time="1.448"/>
  <testcase classname="BasicTests.ProductPageTests" name="checkCartOverviewParameters" time="0.0">
    <ignored/>
  </testcase> <!-- checkCartOverviewParameters -->
  <testcase classname="BasicTests.ProductPageTests" name="orderShirtOnlySize" time="0.0">
    <ignored/>
  </testcase> <!-- orderShirtOnlySize -->
  <testcase classname="BasicTests.ProductPageTests" name="orderShirtAllProperties" time="0.0">
    <ignored/>
  </testcase> <!-- orderShirtAllProperties -->
  <testcase classname="BasicTests.ProductPageTests" name="checkButtonColor" time="0.0">
    <ignored/>
  </testcase> <!-- checkButtonColor -->
  <testcase classname="BasicTests.ProductPageTests" name="checkColorSelection" time="0.0">
    <ignored/>
  </testcase> <!-- checkColorSelection -->
  <testcase classname="BasicTests.ProductPageTests" name="checkAttributeNameForQuantity" time="0.0">
    <ignored/>
  </testcase> <!-- checkAttributeNameForQuantity -->
  <testcase classname="BasicTests.HomePageTests" name="checkHomePageTitle" time="0.0">
    <ignored/>
  </testcase> <!-- checkHomePageTitle -->
  <testcase classname="BasicTests.ProductPageTests" name="checkAssuranceFont" time="0.0">
    <ignored/>
  </testcase> <!-- checkAssuranceFont -->
  <testcase classname="BasicTests.HomePageTests" name="checkProductPrice" time="0.0">
    <ignored/>
  </testcase> <!-- checkProductPrice -->
</testsuite> <!-- Regression1 -->
